<?xml version="1.0" encoding="UTF-8"?>
<coverage generated="1549700612808" clover="3.2.0">
  <project timestamp="1549700612809" name="All files">
    <metrics statements="255" coveredstatements="234" conditionals="117" coveredconditionals="96" methods="67" coveredmethods="59" elements="439" coveredelements="389" complexity="0" loc="255" ncloc="255" packages="7" files="17" classes="17">
      <package name="src">
        <metrics statements="4" coveredstatements="4" conditionals="0" coveredconditionals="0" methods="0" coveredmethods="0"/>
        <file name="index.ts" path="G:\Github\react-edu\src\index.ts">
          <metrics statements="4" coveredstatements="4" conditionals="0" coveredconditionals="0" methods="0" coveredmethods="0"/>
          <line num="1" count="3" type="stmt"/>
          <line num="2" count="3" type="stmt"/>
          <line num="3" count="3" type="stmt"/>
          <line num="4" count="3" type="stmt"/>
        </file>
      </package>
      <package name="src.common">
        <metrics statements="22" coveredstatements="21" conditionals="20" coveredconditionals="19" methods="7" coveredmethods="7"/>
        <file name="utility.ts" path="G:\Github\react-edu\src\common\utility.ts">
          <metrics statements="22" coveredstatements="21" conditionals="20" coveredconditionals="19" methods="7" coveredmethods="7"/>
          <line num="2" count="3" type="stmt"/>
          <line num="8" count="3" type="stmt"/>
          <line num="10" count="54" type="cond" truecount="2" falsecount="0"/>
          <line num="12" count="24" type="stmt"/>
          <line num="16" count="30" type="stmt"/>
          <line num="20" count="3" type="stmt"/>
          <line num="22" count="332" type="cond" truecount="2" falsecount="0"/>
          <line num="24" count="2" type="stmt"/>
          <line num="27" count="330" type="cond" truecount="4" falsecount="0"/>
          <line num="29" count="171" type="stmt"/>
          <line num="34" count="159" type="cond" truecount="4" falsecount="0"/>
          <line num="36" count="131" type="stmt"/>
          <line num="38" count="28" type="cond" truecount="3" falsecount="1"/>
          <line num="40" count="28" type="stmt"/>
          <line num="43" count="0" type="stmt"/>
          <line num="46" count="3" type="stmt"/>
          <line num="48" count="24" type="cond" truecount="2" falsecount="0"/>
          <line num="50" count="13" type="stmt"/>
          <line num="54" count="11" type="stmt"/>
          <line num="60" count="163" type="cond" truecount="2" falsecount="0"/>
          <line num="63" count="3" type="stmt"/>
          <line num="65" count="156" type="stmt"/>
        </file>
      </package>
      <package name="src.component">
        <metrics statements="11" coveredstatements="10" conditionals="4" coveredconditionals="2" methods="9" coveredmethods="9"/>
        <file name="component.ts" path="G:\Github\react-edu\src\component\component.ts">
          <metrics statements="11" coveredstatements="10" conditionals="4" coveredconditionals="2" methods="9" coveredmethods="9"/>
          <line num="2" count="3" type="stmt"/>
          <line num="9" count="3" type="stmt"/>
          <line num="18" count="11" type="cond" truecount="1" falsecount="1"/>
          <line num="19" count="11" type="stmt"/>
          <line num="26" count="4" type="cond" truecount="1" falsecount="1"/>
          <line num="28" count="4" type="stmt"/>
          <line num="29" count="4" type="stmt"/>
          <line num="30" count="4" type="stmt"/>
          <line num="31" count="4" type="stmt"/>
          <line num="35" count="0" type="stmt"/>
          <line num="72" count="7" type="stmt"/>
        </file>
      </package>
      <package name="src.element">
        <metrics statements="2" coveredstatements="2" conditionals="4" coveredconditionals="3" methods="1" coveredmethods="1"/>
        <file name="rigid-element.ts" path="G:\Github\react-edu\src\element\rigid-element.ts">
          <metrics statements="2" coveredstatements="2" conditionals="4" coveredconditionals="3" methods="1" coveredmethods="1"/>
          <line num="20" count="3" type="stmt"/>
          <line num="22" count="143" type="cond" truecount="3" falsecount="1"/>
        </file>
      </package>
      <package name="src.patcher">
        <metrics statements="91" coveredstatements="87" conditionals="51" coveredconditionals="46" methods="11" coveredmethods="11"/>
        <file name="component.ts" path="G:\Github\react-edu\src\patcher\component.ts">
          <metrics statements="23" coveredstatements="22" conditionals="10" coveredconditionals="8" methods="1" coveredmethods="1"/>
          <line num="2" count="3" type="stmt"/>
          <line num="3" count="3" type="stmt"/>
          <line num="4" count="3" type="stmt"/>
          <line num="6" count="3" type="stmt"/>
          <line num="13" count="6" type="stmt"/>
          <line num="14" count="6" type="stmt"/>
          <line num="17" count="6" type="cond" truecount="2" falsecount="0"/>
          <line num="19" count="4" type="stmt"/>
          <line num="21" count="4" type="cond" truecount="2" falsecount="0"/>
          <line num="23" count="3" type="stmt"/>
          <line num="24" count="3" type="stmt"/>
          <line num="26" count="3" type="cond" truecount="1" falsecount="1"/>
          <line num="28" count="3" type="stmt"/>
          <line num="29" count="3" type="stmt"/>
          <line num="30" count="3" type="stmt"/>
          <line num="31" count="3" type="stmt"/>
          <line num="35" count="0" type="stmt"/>
          <line num="40" count="1" type="stmt"/>
          <line num="41" count="1" type="stmt"/>
          <line num="45" count="2" type="cond" truecount="2" falsecount="0"/>
          <line num="47" count="1" type="stmt"/>
          <line num="49" count="1" type="cond" truecount="1" falsecount="1"/>
          <line num="51" count="1" type="stmt"/>
        </file>
        <file name="null.ts" path="G:\Github\react-edu\src\patcher\null.ts">
          <metrics statements="2" coveredstatements="2" conditionals="0" coveredconditionals="0" methods="1" coveredmethods="1"/>
          <line num="3" count="3" type="stmt"/>
          <line num="5" count="1" type="stmt"/>
        </file>
        <file name="patcher.ts" path="G:\Github\react-edu\src\patcher\patcher.ts">
          <metrics statements="11" coveredstatements="10" conditionals="2" coveredconditionals="1" methods="1" coveredmethods="1"/>
          <line num="2" count="3" type="stmt"/>
          <line num="3" count="3" type="stmt"/>
          <line num="4" count="3" type="stmt"/>
          <line num="5" count="3" type="stmt"/>
          <line num="6" count="3" type="stmt"/>
          <line num="9" count="3" type="stmt"/>
          <line num="20" count="3" type="stmt"/>
          <line num="22" count="57" type="stmt"/>
          <line num="24" count="57" type="cond" truecount="1" falsecount="1"/>
          <line num="26" count="57" type="stmt"/>
          <line num="30" count="0" type="stmt"/>
        </file>
        <file name="same-tag.ts" path="G:\Github\react-edu\src\patcher\same-tag.ts">
          <metrics statements="25" coveredstatements="24" conditionals="11" coveredconditionals="10" methods="4" coveredmethods="4"/>
          <line num="2" count="3" type="stmt"/>
          <line num="3" count="3" type="stmt"/>
          <line num="4" count="3" type="stmt"/>
          <line num="5" count="3" type="stmt"/>
          <line num="7" count="3" type="stmt"/>
          <line num="9" count="26" type="stmt"/>
          <line num="10" count="26" type="stmt"/>
          <line num="12" count="26" type="stmt"/>
          <line num="14" count="41" type="cond" truecount="2" falsecount="0"/>
          <line num="15" count="41" type="stmt"/>
          <line num="18" count="26" type="stmt"/>
          <line num="21" count="43" type="cond" truecount="3" falsecount="0"/>
          <line num="24" count="43" type="cond" truecount="2" falsecount="0"/>
          <line num="25" count="43" type="cond" truecount="2" falsecount="0"/>
          <line num="26" count="43" type="stmt"/>
          <line num="31" count="26" type="stmt"/>
          <line num="33" count="1" type="stmt"/>
          <line num="34" count="1" type="cond" truecount="1" falsecount="1"/>
          <line num="35" count="1" type="stmt"/>
          <line num="38" count="26" type="stmt"/>
          <line num="40" count="0" type="stmt"/>
          <line num="43" count="26" type="stmt"/>
          <line num="45" count="16" type="stmt"/>
          <line num="48" count="26" type="stmt"/>
          <line num="50" count="26" type="stmt"/>
        </file>
        <file name="text.ts" path="G:\Github\react-edu\src\patcher\text.ts">
          <metrics statements="6" coveredstatements="6" conditionals="2" coveredconditionals="2" methods="1" coveredmethods="1"/>
          <line num="2" count="3" type="stmt"/>
          <line num="3" count="3" type="stmt"/>
          <line num="5" count="3" type="stmt"/>
          <line num="7" count="21" type="cond" truecount="2" falsecount="0"/>
          <line num="9" count="4" type="stmt"/>
          <line num="13" count="17" type="stmt"/>
        </file>
        <file name="utility.ts" path="G:\Github\react-edu\src\patcher\utility.ts">
          <metrics statements="24" coveredstatements="23" conditionals="26" coveredconditionals="25" methods="3" coveredmethods="3"/>
          <line num="2" count="3" type="stmt"/>
          <line num="3" count="3" type="stmt"/>
          <line num="7" count="3" type="stmt"/>
          <line num="9" count="9" type="stmt"/>
          <line num="12" count="9" type="stmt"/>
          <line num="14" count="9" type="stmt"/>
          <line num="17" count="3" type="stmt"/>
          <line num="19" count="5" type="stmt"/>
          <line num="22" count="3" type="stmt"/>
          <line num="24" count="57" type="cond" truecount="2" falsecount="0"/>
          <line num="26" count="1" type="stmt"/>
          <line num="28" count="56" type="cond" truecount="2" falsecount="0"/>
          <line num="30" count="6" type="stmt"/>
          <line num="32" count="50" type="cond" truecount="5" falsecount="0"/>
          <line num="34" count="26" type="stmt"/>
          <line num="36" count="24" type="cond" truecount="5" falsecount="0"/>
          <line num="38" count="1" type="stmt"/>
          <line num="40" count="23" type="cond" truecount="4" falsecount="0"/>
          <line num="42" count="21" type="stmt"/>
          <line num="44" count="2" type="cond" truecount="4" falsecount="0"/>
          <line num="46" count="1" type="stmt"/>
          <line num="48" count="1" type="cond" truecount="3" falsecount="1"/>
          <line num="50" count="1" type="stmt"/>
          <line num="53" count="0" type="stmt"/>
        </file>
      </package>
      <package name="src.renderer">
        <metrics statements="59" coveredstatements="57" conditionals="30" coveredconditionals="22" methods="9" coveredmethods="9"/>
        <file name="component.ts" path="G:\Github\react-edu\src\renderer\component.ts">
          <metrics statements="18" coveredstatements="18" conditionals="7" coveredconditionals="5" methods="1" coveredmethods="1"/>
          <line num="2" count="3" type="stmt"/>
          <line num="3" count="3" type="stmt"/>
          <line num="5" count="3" type="cond" truecount="0" falsecount="1"/>
          <line num="7" count="16" type="stmt"/>
          <line num="8" count="16" type="stmt"/>
          <line num="10" count="16" type="cond" truecount="2" falsecount="0"/>
          <line num="13" count="11" type="stmt"/>
          <line num="14" count="11" type="stmt"/>
          <line num="15" count="11" type="stmt"/>
          <line num="16" count="11" type="stmt"/>
          <line num="17" count="11" type="stmt"/>
          <line num="18" count="11" type="stmt"/>
          <line num="19" count="11" type="stmt"/>
          <line num="21" count="5" type="cond" truecount="1" falsecount="1"/>
          <line num="25" count="5" type="stmt"/>
          <line num="26" count="5" type="cond" truecount="2" falsecount="0"/>
          <line num="28" count="4" type="stmt"/>
          <line num="30" count="5" type="stmt"/>
        </file>
        <file name="dom-renderer.ts" path="G:\Github\react-edu\src\renderer\dom-renderer.ts">
          <metrics statements="11" coveredstatements="10" conditionals="3" coveredconditionals="2" methods="1" coveredmethods="1"/>
          <line num="2" count="3" type="stmt"/>
          <line num="3" count="3" type="stmt"/>
          <line num="4" count="3" type="stmt"/>
          <line num="5" count="3" type="stmt"/>
          <line num="6" count="3" type="stmt"/>
          <line num="10" count="3" type="stmt"/>
          <line num="18" count="3" type="cond" truecount="1" falsecount="0"/>
          <line num="20" count="119" type="stmt"/>
          <line num="22" count="119" type="cond" truecount="1" falsecount="1"/>
          <line num="24" count="119" type="stmt"/>
          <line num="28" count="0" type="stmt"/>
        </file>
        <file name="null.ts" path="G:\Github\react-edu\src\renderer\null.ts">
          <metrics statements="2" coveredstatements="2" conditionals="1" coveredconditionals="0" methods="1" coveredmethods="1"/>
          <line num="3" count="3" type="cond" truecount="0" falsecount="1"/>
          <line num="5" count="1" type="stmt"/>
        </file>
        <file name="tag.ts" path="G:\Github\react-edu\src\renderer\tag.ts">
          <metrics statements="8" coveredstatements="8" conditionals="1" coveredconditionals="0" methods="3" coveredmethods="3"/>
          <line num="2" count="3" type="stmt"/>
          <line num="3" count="3" type="stmt"/>
          <line num="4" count="3" type="stmt"/>
          <line num="6" count="3" type="cond" truecount="0" falsecount="1"/>
          <line num="8" count="42" type="stmt"/>
          <line num="18" count="72" type="stmt"/>
          <line num="19" count="42" type="stmt"/>
          <line num="20" count="42" type="stmt"/>
        </file>
        <file name="text.ts" path="G:\Github\react-edu\src\renderer\text.ts">
          <metrics statements="3" coveredstatements="3" conditionals="1" coveredconditionals="0" methods="1" coveredmethods="1"/>
          <line num="2" count="3" type="stmt"/>
          <line num="4" count="3" type="cond" truecount="0" falsecount="1"/>
          <line num="6" count="60" type="stmt"/>
        </file>
        <file name="utility.ts" path="G:\Github\react-edu\src\renderer\utility.ts">
          <metrics statements="17" coveredstatements="16" conditionals="17" coveredconditionals="15" methods="2" coveredmethods="2"/>
          <line num="1" count="3" type="cond" truecount="1" falsecount="0"/>
          <line num="4" count="144" type="cond" truecount="2" falsecount="0"/>
          <line num="7" count="3" type="stmt"/>
          <line num="9" count="34" type="cond" truecount="4" falsecount="0"/>
          <line num="11" count="18" type="stmt"/>
          <line num="14" count="18" type="cond" truecount="2" falsecount="0"/>
          <line num="16" count="5" type="stmt"/>
          <line num="19" count="18" type="stmt"/>
          <line num="20" count="18" type="cond" truecount="2" falsecount="0"/>
          <line num="21" count="18" type="stmt"/>
          <line num="22" count="18" type="stmt"/>
          <line num="23" count="18" type="stmt"/>
          <line num="25" count="16" type="cond" truecount="2" falsecount="2"/>
          <line num="27" count="0" type="stmt"/>
          <line num="29" count="16" type="cond" truecount="2" falsecount="0"/>
          <line num="31" count="6" type="stmt"/>
          <line num="35" count="10" type="stmt"/>
        </file>
      </package>
      <package name="test.common.component">
        <metrics statements="66" coveredstatements="53" conditionals="8" coveredconditionals="4" methods="30" coveredmethods="22"/>
        <file name="component.ts" path="G:\Github\react-edu\test\common\component\component.ts">
          <metrics statements="66" coveredstatements="53" conditionals="8" coveredconditionals="4" methods="30" coveredmethods="22"/>
          <line num="1" count="3" type="stmt"/>
          <line num="4" count="1" type="stmt"/>
          <line num="9" count="1" type="stmt"/>
          <line num="13" count="1" type="stmt"/>
          <line num="20" count="5" type="stmt"/>
          <line num="24" count="6" type="stmt"/>
          <line num="30" count="1" type="stmt"/>
          <line num="33" count="3" type="stmt"/>
          <line num="39" count="3" type="stmt"/>
          <line num="48" count="3" type="stmt"/>
          <line num="49" count="3" type="stmt"/>
          <line num="53" count="3" type="stmt"/>
          <line num="56" count="2" type="stmt"/>
          <line num="59" count="3" type="stmt"/>
          <line num="60" count="3" type="stmt"/>
          <line num="61" count="3" type="stmt"/>
          <line num="65" count="1" type="stmt"/>
          <line num="66" count="1" type="stmt"/>
          <line num="72" count="3" type="stmt"/>
          <line num="73" count="3" type="stmt"/>
          <line num="82" count="0" type="stmt"/>
          <line num="83" count="0" type="stmt"/>
          <line num="92" count="0" type="stmt"/>
          <line num="93" count="0" type="stmt"/>
          <line num="94" count="0" type="stmt"/>
          <line num="100" count="4" type="stmt"/>
          <line num="106" count="6" type="stmt"/>
          <line num="113" count="3" type="stmt"/>
          <line num="119" count="0" type="stmt"/>
          <line num="123" count="1" type="stmt"/>
          <line num="127" count="2" type="stmt"/>
          <line num="129" count="2" type="cond" truecount="2" falsecount="0"/>
          <line num="130" count="1" type="stmt"/>
          <line num="133" count="1" type="stmt"/>
          <line num="134" count="1" type="stmt"/>
          <line num="135" count="1" type="stmt"/>
          <line num="139" count="0" type="cond" truecount="0" falsecount="2"/>
          <line num="140" count="0" type="stmt"/>
          <line num="143" count="0" type="stmt"/>
          <line num="148" count="2" type="stmt"/>
          <line num="149" count="2" type="stmt"/>
          <line num="153" count="0" type="stmt"/>
          <line num="157" count="4" type="stmt"/>
          <line num="158" count="4" type="stmt"/>
          <line num="159" count="4" type="stmt"/>
          <line num="169" count="1" type="stmt"/>
          <line num="170" count="1" type="stmt"/>
          <line num="171" count="1" type="stmt"/>
          <line num="172" count="1" type="stmt"/>
          <line num="179" count="1" type="stmt"/>
          <line num="186" count="0" type="stmt"/>
          <line num="193" count="2" type="stmt"/>
          <line num="194" count="2" type="stmt"/>
          <line num="195" count="2" type="cond" truecount="1" falsecount="1"/>
          <line num="196" count="2" type="cond" truecount="1" falsecount="1"/>
          <line num="197" count="2" type="stmt"/>
          <line num="211" count="1" type="stmt"/>
          <line num="217" count="1" type="stmt"/>
          <line num="224" count="1" type="stmt"/>
          <line num="225" count="1" type="stmt"/>
          <line num="226" count="1" type="stmt"/>
          <line num="227" count="1" type="stmt"/>
          <line num="233" count="1" type="stmt"/>
          <line num="245" count="0" type="stmt"/>
          <line num="251" count="0" type="stmt"/>
          <line num="256" count="3" type="stmt"/>
        </file>
      </package>
    </metrics>
  </project>
</coverage>
