{"G:\\Github\\react-edu\\src\\index.ts": {"path":"G:\\Github\\react-edu\\src\\index.ts","statementMap":{"0":{"start":{"line":1,"column":0},"end":{"line":1,"column":40}},"1":{"start":{"line":2,"column":0},"end":{"line":2,"column":40}},"2":{"start":{"line":3,"column":0},"end":{"line":3,"column":38}},"3":{"start":{"line":4,"column":0},"end":{"line":4,"column":34}}},"fnMap":{},"branchMap":{},"s":{"0":3,"1":3,"2":3,"3":3},"f":{},"b":{}}
,"G:\\Github\\react-edu\\src\\common\\utility.ts": {"path":"G:\\Github\\react-edu\\src\\common\\utility.ts","statementMap":{"0":{"start":{"line":2,"column":0},"end":{"line":2,"column":50}},"1":{"start":{"line":10,"column":4},"end":{"line":17,"column":5}},"2":{"start":{"line":12,"column":8},"end":{"line":12,"column":22}},"3":{"start":{"line":16,"column":8},"end":{"line":16,"column":21}},"4":{"start":{"line":8,"column":0},"end":{"line":18,"column":1}},"5":{"start":{"line":22,"column":4},"end":{"line":25,"column":5}},"6":{"start":{"line":24,"column":8},"end":{"line":24,"column":22}},"7":{"start":{"line":27,"column":4},"end":{"line":41,"column":5}},"8":{"start":{"line":29,"column":8},"end":{"line":29,"column":22}},"9":{"start":{"line":34,"column":9},"end":{"line":41,"column":5}},"10":{"start":{"line":36,"column":8},"end":{"line":36,"column":21}},"11":{"start":{"line":38,"column":9},"end":{"line":41,"column":5}},"12":{"start":{"line":40,"column":8},"end":{"line":40,"column":27}},"13":{"start":{"line":43,"column":4},"end":{"line":43,"column":70}},"14":{"start":{"line":20,"column":0},"end":{"line":44,"column":1}},"15":{"start":{"line":48,"column":4},"end":{"line":55,"column":5}},"16":{"start":{"line":50,"column":8},"end":{"line":50,"column":23}},"17":{"start":{"line":54,"column":8},"end":{"line":54,"column":26}},"18":{"start":{"line":46,"column":0},"end":{"line":56,"column":1}},"19":{"start":{"line":60,"column":4},"end":{"line":60,"column":113}},"20":{"start":{"line":60,"column":40},"end":{"line":60,"column":107}},"21":{"start":{"line":65,"column":4},"end":{"line":65,"column":54}},"22":{"start":{"line":65,"column":42},"end":{"line":65,"column":52}},"23":{"start":{"line":63,"column":0},"end":{"line":66,"column":1}}},"fnMap":{"0":{"name":"DomType","decl":{"start":{"line":8,"column":16},"end":{"line":8,"column":23}},"loc":{"start":{"line":8,"column":52},"end":{"line":18,"column":1}}},"1":{"name":"VDomType","decl":{"start":{"line":20,"column":16},"end":{"line":20,"column":24}},"loc":{"start":{"line":20,"column":40},"end":{"line":44,"column":1}}},"2":{"name":"ComponenType","decl":{"start":{"line":46,"column":16},"end":{"line":46,"column":28}},"loc":{"start":{"line":46,"column":50},"end":{"line":56,"column":1}}},"3":{"name":"OnFlat","decl":{"start":{"line":58,"column":9},"end":{"line":58,"column":15}},"loc":{"start":{"line":58,"column":26},"end":{"line":61,"column":1}}},"4":{"name":"(anonymous_4)","decl":{"start":{"line":60,"column":24},"end":{"line":60,"column":25}},"loc":{"start":{"line":60,"column":40},"end":{"line":60,"column":107}}},"5":{"name":"Flat","decl":{"start":{"line":63,"column":16},"end":{"line":63,"column":20}},"loc":{"start":{"line":63,"column":31},"end":{"line":66,"column":1}}},"6":{"name":"(anonymous_6)","decl":{"start":{"line":65,"column":37},"end":{"line":65,"column":38}},"loc":{"start":{"line":65,"column":42},"end":{"line":65,"column":52}}}},"branchMap":{"0":{"loc":{"start":{"line":10,"column":4},"end":{"line":17,"column":5}},"type":"if","locations":[{"start":{"line":10,"column":4},"end":{"line":17,"column":5}},{"start":{"line":10,"column":4},"end":{"line":17,"column":5}}]},"1":{"loc":{"start":{"line":22,"column":4},"end":{"line":25,"column":5}},"type":"if","locations":[{"start":{"line":22,"column":4},"end":{"line":25,"column":5}},{"start":{"line":22,"column":4},"end":{"line":25,"column":5}}]},"2":{"loc":{"start":{"line":27,"column":4},"end":{"line":41,"column":5}},"type":"if","locations":[{"start":{"line":27,"column":4},"end":{"line":41,"column":5}},{"start":{"line":27,"column":4},"end":{"line":41,"column":5}}]},"3":{"loc":{"start":{"line":27,"column":8},"end":{"line":27,"column":32}},"type":"binary-expr","locations":[{"start":{"line":27,"column":8},"end":{"line":27,"column":32}},{"start":{"line":27,"column":36},"end":{"line":27,"column":60}}]},"4":{"loc":{"start":{"line":34,"column":9},"end":{"line":41,"column":5}},"type":"if","locations":[{"start":{"line":34,"column":9},"end":{"line":41,"column":5}},{"start":{"line":34,"column":9},"end":{"line":41,"column":5}}]},"5":{"loc":{"start":{"line":34,"column":13},"end":{"line":34,"column":37}},"type":"binary-expr","locations":[{"start":{"line":34,"column":13},"end":{"line":34,"column":37}},{"start":{"line":34,"column":41},"end":{"line":34,"column":70}}]},"6":{"loc":{"start":{"line":38,"column":9},"end":{"line":41,"column":5}},"type":"if","locations":[{"start":{"line":38,"column":9},"end":{"line":41,"column":5}},{"start":{"line":38,"column":9},"end":{"line":41,"column":5}}]},"7":{"loc":{"start":{"line":38,"column":13},"end":{"line":38,"column":37}},"type":"binary-expr","locations":[{"start":{"line":38,"column":13},"end":{"line":38,"column":37}},{"start":{"line":38,"column":41},"end":{"line":38,"column":71}}]},"8":{"loc":{"start":{"line":48,"column":4},"end":{"line":55,"column":5}},"type":"if","locations":[{"start":{"line":48,"column":4},"end":{"line":55,"column":5}},{"start":{"line":48,"column":4},"end":{"line":55,"column":5}}]},"9":{"loc":{"start":{"line":60,"column":62},"end":{"line":60,"column":87}},"type":"cond-expr","locations":[{"start":{"line":60,"column":62},"end":{"line":60,"column":87}},{"start":{"line":60,"column":90},"end":{"line":60,"column":107}}]}},"s":{"0":3,"1":54,"2":24,"3":30,"4":3,"5":332,"6":2,"7":330,"8":171,"9":159,"10":131,"11":28,"12":28,"13":0,"14":3,"15":24,"16":13,"17":11,"18":3,"19":101,"20":163,"21":94,"22":156,"23":3},"f":{"0":54,"1":332,"2":24,"3":101,"4":163,"5":94,"6":156},"b":{"0":[24,30],"1":[2,330],"2":[171,159],"3":[330,170],"4":[131,28],"5":[159,159],"6":[28,0],"7":[28,28],"8":[13,11],"9":[7,156]}}
,"G:\\Github\\react-edu\\src\\component\\component.ts": {"path":"G:\\Github\\react-edu\\src\\component\\component.ts","statementMap":{"0":{"start":{"line":2,"column":0},"end":{"line":2,"column":42}},"1":{"start":{"line":18,"column":8},"end":{"line":18,"column":33}},"2":{"start":{"line":19,"column":8},"end":{"line":19,"column":26}},"3":{"start":{"line":26,"column":8},"end":{"line":36,"column":9}},"4":{"start":{"line":28,"column":12},"end":{"line":28,"column":55}},"5":{"start":{"line":29,"column":12},"end":{"line":29,"column":52}},"6":{"start":{"line":30,"column":12},"end":{"line":30,"column":68}},"7":{"start":{"line":31,"column":12},"end":{"line":31,"column":54}},"8":{"start":{"line":35,"column":12},"end":{"line":35,"column":52}},"9":{"start":{"line":72,"column":8},"end":{"line":72,"column":20}},"10":{"start":{"line":9,"column":0},"end":{"line":74,"column":1}}},"fnMap":{"0":{"name":"(anonymous_0)","decl":{"start":{"line":16,"column":4},"end":{"line":16,"column":15}},"loc":{"start":{"line":16,"column":30},"end":{"line":20,"column":5}}},"1":{"name":"(anonymous_1)","decl":{"start":{"line":24,"column":11},"end":{"line":24,"column":18}},"loc":{"start":{"line":24,"column":32},"end":{"line":38,"column":5}}},"2":{"name":"(anonymous_2)","decl":{"start":{"line":40,"column":11},"end":{"line":40,"column":28}},"loc":{"start":{"line":40,"column":29},"end":{"line":43,"column":5}}},"3":{"name":"(anonymous_3)","decl":{"start":{"line":45,"column":11},"end":{"line":45,"column":27}},"loc":{"start":{"line":45,"column":28},"end":{"line":48,"column":5}}},"4":{"name":"(anonymous_4)","decl":{"start":{"line":50,"column":11},"end":{"line":50,"column":30}},"loc":{"start":{"line":50,"column":31},"end":{"line":53,"column":5}}},"5":{"name":"(anonymous_5)","decl":{"start":{"line":55,"column":11},"end":{"line":55,"column":35}},"loc":{"start":{"line":55,"column":50},"end":{"line":58,"column":5}}},"6":{"name":"(anonymous_6)","decl":{"start":{"line":60,"column":11},"end":{"line":60,"column":29}},"loc":{"start":{"line":60,"column":69},"end":{"line":63,"column":5}}},"7":{"name":"(anonymous_7)","decl":{"start":{"line":65,"column":11},"end":{"line":65,"column":28}},"loc":{"start":{"line":65,"column":68},"end":{"line":68,"column":5}}},"8":{"name":"(anonymous_8)","decl":{"start":{"line":70,"column":11},"end":{"line":70,"column":31}},"loc":{"start":{"line":70,"column":71},"end":{"line":73,"column":5}}}},"branchMap":{"0":{"loc":{"start":{"line":18,"column":21},"end":{"line":18,"column":26}},"type":"binary-expr","locations":[{"start":{"line":18,"column":21},"end":{"line":18,"column":26}},{"start":{"line":18,"column":30},"end":{"line":18,"column":32}}]},"1":{"loc":{"start":{"line":26,"column":8},"end":{"line":36,"column":9}},"type":"if","locations":[{"start":{"line":26,"column":8},"end":{"line":36,"column":9}},{"start":{"line":26,"column":8},"end":{"line":36,"column":9}}]}},"s":{"0":3,"1":11,"2":11,"3":4,"4":4,"5":4,"6":4,"7":4,"8":0,"9":7,"10":3},"f":{"0":11,"1":4,"2":11,"3":11,"4":1,"5":3,"6":7,"7":7,"8":7},"b":{"0":[11,0],"1":[4,0]}}
,"G:\\Github\\react-edu\\src\\element\\rigid-element.ts": {"path":"G:\\Github\\react-edu\\src\\element\\rigid-element.ts","statementMap":{"0":{"start":{"line":22,"column":4},"end":{"line":22,"column":66}},"1":{"start":{"line":20,"column":0},"end":{"line":23,"column":1}}},"fnMap":{"0":{"name":"CreateElement","decl":{"start":{"line":20,"column":16},"end":{"line":20,"column":29}},"loc":{"start":{"line":20,"column":92},"end":{"line":23,"column":1}}}},"branchMap":{"0":{"loc":{"start":{"line":22,"column":26},"end":{"line":22,"column":31}},"type":"binary-expr","locations":[{"start":{"line":22,"column":26},"end":{"line":22,"column":31}},{"start":{"line":22,"column":35},"end":{"line":22,"column":37}}]},"1":{"loc":{"start":{"line":22,"column":49},"end":{"line":22,"column":57}},"type":"binary-expr","locations":[{"start":{"line":22,"column":49},"end":{"line":22,"column":57}},{"start":{"line":22,"column":61},"end":{"line":22,"column":63}}]}},"s":{"0":143,"1":3},"f":{"0":143},"b":{"0":[143,82],"1":[143,0]}}
,"G:\\Github\\react-edu\\src\\patcher\\component.ts": {"path":"G:\\Github\\react-edu\\src\\patcher\\component.ts","statementMap":{"0":{"start":{"line":2,"column":0},"end":{"line":2,"column":33}},"1":{"start":{"line":3,"column":0},"end":{"line":3,"column":48}},"2":{"start":{"line":4,"column":0},"end":{"line":4,"column":38}},"3":{"start":{"line":13,"column":15},"end":{"line":13,"column":67}},"4":{"start":{"line":14,"column":26},"end":{"line":14,"column":47}},"5":{"start":{"line":17,"column":4},"end":{"line":52,"column":5}},"6":{"start":{"line":19,"column":26},"end":{"line":19,"column":55}},"7":{"start":{"line":21,"column":8},"end":{"line":42,"column":9}},"8":{"start":{"line":23,"column":12},"end":{"line":23,"column":54}},"9":{"start":{"line":24,"column":12},"end":{"line":24,"column":35}},"10":{"start":{"line":26,"column":12},"end":{"line":36,"column":13}},"11":{"start":{"line":28,"column":16},"end":{"line":28,"column":77}},"12":{"start":{"line":29,"column":32},"end":{"line":29,"column":71}},"13":{"start":{"line":30,"column":16},"end":{"line":30,"column":76}},"14":{"start":{"line":31,"column":16},"end":{"line":31,"column":31}},"15":{"start":{"line":35,"column":16},"end":{"line":35,"column":27}},"16":{"start":{"line":40,"column":12},"end":{"line":40,"column":44}},"17":{"start":{"line":41,"column":12},"end":{"line":41,"column":45}},"18":{"start":{"line":45,"column":9},"end":{"line":52,"column":5}},"19":{"start":{"line":47,"column":8},"end":{"line":47,"column":58}},"20":{"start":{"line":49,"column":9},"end":{"line":52,"column":5}},"21":{"start":{"line":51,"column":8},"end":{"line":51,"column":41}},"22":{"start":{"line":6,"column":0},"end":{"line":53,"column":1}}},"fnMap":{"0":{"name":"PatchByComponent","decl":{"start":{"line":6,"column":16},"end":{"line":6,"column":32}},"loc":{"start":{"line":6,"column":101},"end":{"line":53,"column":1}}}},"branchMap":{"0":{"loc":{"start":{"line":17,"column":4},"end":{"line":52,"column":5}},"type":"if","locations":[{"start":{"line":17,"column":4},"end":{"line":52,"column":5}},{"start":{"line":17,"column":4},"end":{"line":52,"column":5}}]},"1":{"loc":{"start":{"line":21,"column":8},"end":{"line":42,"column":9}},"type":"if","locations":[{"start":{"line":21,"column":8},"end":{"line":42,"column":9}},{"start":{"line":21,"column":8},"end":{"line":42,"column":9}}]},"2":{"loc":{"start":{"line":26,"column":12},"end":{"line":36,"column":13}},"type":"if","locations":[{"start":{"line":26,"column":12},"end":{"line":36,"column":13}},{"start":{"line":26,"column":12},"end":{"line":36,"column":13}}]},"3":{"loc":{"start":{"line":45,"column":9},"end":{"line":52,"column":5}},"type":"if","locations":[{"start":{"line":45,"column":9},"end":{"line":52,"column":5}},{"start":{"line":45,"column":9},"end":{"line":52,"column":5}}]},"4":{"loc":{"start":{"line":49,"column":9},"end":{"line":52,"column":5}},"type":"if","locations":[{"start":{"line":49,"column":9},"end":{"line":52,"column":5}},{"start":{"line":49,"column":9},"end":{"line":52,"column":5}}]}},"s":{"0":3,"1":3,"2":3,"3":6,"4":6,"5":6,"6":4,"7":4,"8":3,"9":3,"10":3,"11":3,"12":3,"13":3,"14":3,"15":0,"16":1,"17":1,"18":2,"19":1,"20":1,"21":1,"22":3},"f":{"0":6},"b":{"0":[4,2],"1":[3,1],"2":[3,0],"3":[1,1],"4":[1,0]}}
,"G:\\Github\\react-edu\\src\\patcher\\null.ts": {"path":"G:\\Github\\react-edu\\src\\patcher\\null.ts","statementMap":{"0":{"start":{"line":5,"column":4},"end":{"line":5,"column":17}},"1":{"start":{"line":3,"column":0},"end":{"line":6,"column":1}}},"fnMap":{"0":{"name":"PatchNull","decl":{"start":{"line":3,"column":16},"end":{"line":3,"column":25}},"loc":{"start":{"line":3,"column":84},"end":{"line":6,"column":1}}}},"branchMap":{},"s":{"0":1,"1":3},"f":{"0":1},"b":{}}
,"G:\\Github\\react-edu\\src\\patcher\\patcher.ts": {"path":"G:\\Github\\react-edu\\src\\patcher\\patcher.ts","statementMap":{"0":{"start":{"line":2,"column":0},"end":{"line":2,"column":34}},"1":{"start":{"line":3,"column":0},"end":{"line":3,"column":41}},"2":{"start":{"line":4,"column":0},"end":{"line":4,"column":49}},"3":{"start":{"line":5,"column":0},"end":{"line":5,"column":46}},"4":{"start":{"line":6,"column":0},"end":{"line":6,"column":34}},"5":{"start":{"line":9,"column":0},"end":{"line":17,"column":1}},"6":{"start":{"line":22,"column":17},"end":{"line":22,"column":41}},"7":{"start":{"line":24,"column":4},"end":{"line":31,"column":5}},"8":{"start":{"line":26,"column":8},"end":{"line":26,"column":47}},"9":{"start":{"line":30,"column":8},"end":{"line":30,"column":111}},"10":{"start":{"line":20,"column":0},"end":{"line":32,"column":1}}},"fnMap":{"0":{"name":"Patch","decl":{"start":{"line":20,"column":16},"end":{"line":20,"column":21}},"loc":{"start":{"line":20,"column":86},"end":{"line":32,"column":1}}}},"branchMap":{"0":{"loc":{"start":{"line":24,"column":4},"end":{"line":31,"column":5}},"type":"if","locations":[{"start":{"line":24,"column":4},"end":{"line":31,"column":5}},{"start":{"line":24,"column":4},"end":{"line":31,"column":5}}]}},"s":{"0":3,"1":3,"2":3,"3":3,"4":3,"5":3,"6":57,"7":57,"8":57,"9":0,"10":3},"f":{"0":57},"b":{"0":[57,0]}}
,"G:\\Github\\react-edu\\src\\patcher\\same-tag.ts": {"path":"G:\\Github\\react-edu\\src\\patcher\\same-tag.ts","statementMap":{"0":{"start":{"line":2,"column":0},"end":{"line":2,"column":49}},"1":{"start":{"line":3,"column":0},"end":{"line":3,"column":33}},"2":{"start":{"line":4,"column":0},"end":{"line":4,"column":50}},"3":{"start":{"line":5,"column":0},"end":{"line":5,"column":40}},"4":{"start":{"line":9,"column":17},"end":{"line":9,"column":45}},"5":{"start":{"line":10,"column":27},"end":{"line":10,"column":49}},"6":{"start":{"line":12,"column":4},"end":{"line":16,"column":7}},"7":{"start":{"line":14,"column":20},"end":{"line":14,"column":61}},"8":{"start":{"line":15,"column":8},"end":{"line":15,"column":29}},"9":{"start":{"line":18,"column":4},"end":{"line":27,"column":7}},"10":{"start":{"line":21,"column":20},"end":{"line":21,"column":75}},"11":{"start":{"line":24,"column":24},"end":{"line":24,"column":98}},"12":{"start":{"line":25,"column":8},"end":{"line":25,"column":44}},"13":{"start":{"line":26,"column":8},"end":{"line":26,"column":25}},"14":{"start":{"line":31,"column":4},"end":{"line":36,"column":7}},"15":{"start":{"line":33,"column":26},"end":{"line":33,"column":57}},"16":{"start":{"line":34,"column":8},"end":{"line":34,"column":52}},"17":{"start":{"line":35,"column":8},"end":{"line":35,"column":23}},"18":{"start":{"line":38,"column":4},"end":{"line":41,"column":5}},"19":{"start":{"line":40,"column":9},"end":{"line":40,"column":48}},"20":{"start":{"line":43,"column":4},"end":{"line":46,"column":5}},"21":{"start":{"line":45,"column":8},"end":{"line":45,"column":65}},"22":{"start":{"line":48,"column":5},"end":{"line":48,"column":36}},"23":{"start":{"line":50,"column":4},"end":{"line":50,"column":15}},"24":{"start":{"line":7,"column":0},"end":{"line":51,"column":1}}},"fnMap":{"0":{"name":"PatchSameTag","decl":{"start":{"line":7,"column":16},"end":{"line":7,"column":28}},"loc":{"start":{"line":7,"column":97},"end":{"line":51,"column":1}}},"1":{"name":"(anonymous_1)","decl":{"start":{"line":12,"column":33},"end":{"line":12,"column":34}},"loc":{"start":{"line":12,"column":50},"end":{"line":16,"column":5}}},"2":{"name":"(anonymous_2)","decl":{"start":{"line":18,"column":32},"end":{"line":18,"column":33}},"loc":{"start":{"line":18,"column":49},"end":{"line":27,"column":5}}},"3":{"name":"(anonymous_3)","decl":{"start":{"line":31,"column":17},"end":{"line":31,"column":21}},"loc":{"start":{"line":31,"column":25},"end":{"line":36,"column":5}}}},"branchMap":{"0":{"loc":{"start":{"line":14,"column":20},"end":{"line":14,"column":38}},"type":"binary-expr","locations":[{"start":{"line":14,"column":20},"end":{"line":14,"column":38}},{"start":{"line":14,"column":42},"end":{"line":14,"column":61}}]},"1":{"loc":{"start":{"line":21,"column":21},"end":{"line":21,"column":32}},"type":"binary-expr","locations":[{"start":{"line":21,"column":21},"end":{"line":21,"column":32}},{"start":{"line":21,"column":36},"end":{"line":21,"column":51}},{"start":{"line":21,"column":56},"end":{"line":21,"column":75}}]},"2":{"loc":{"start":{"line":24,"column":40},"end":{"line":24,"column":82}},"type":"cond-expr","locations":[{"start":{"line":24,"column":40},"end":{"line":24,"column":82}},{"start":{"line":24,"column":85},"end":{"line":24,"column":98}}]},"3":{"loc":{"start":{"line":25,"column":8},"end":{"line":25,"column":15}},"type":"binary-expr","locations":[{"start":{"line":25,"column":8},"end":{"line":25,"column":15}},{"start":{"line":25,"column":19},"end":{"line":25,"column":43}}]},"4":{"loc":{"start":{"line":34,"column":8},"end":{"line":34,"column":16}},"type":"binary-expr","locations":[{"start":{"line":34,"column":8},"end":{"line":34,"column":16}},{"start":{"line":34,"column":20},"end":{"line":34,"column":51}}]}},"s":{"0":3,"1":3,"2":3,"3":3,"4":26,"5":26,"6":26,"7":41,"8":41,"9":26,"10":43,"11":43,"12":43,"13":43,"14":26,"15":1,"16":1,"17":1,"18":26,"19":0,"20":26,"21":16,"22":26,"23":26,"24":3},"f":{"0":26,"1":41,"2":43,"3":1},"b":{"0":[41,38],"1":[43,22,37],"2":[40,3],"3":[43,42],"4":[1,0]}}
,"G:\\Github\\react-edu\\src\\patcher\\text.ts": {"path":"G:\\Github\\react-edu\\src\\patcher\\text.ts","statementMap":{"0":{"start":{"line":2,"column":0},"end":{"line":2,"column":49}},"1":{"start":{"line":3,"column":0},"end":{"line":3,"column":35}},"2":{"start":{"line":7,"column":4},"end":{"line":14,"column":5}},"3":{"start":{"line":9,"column":8},"end":{"line":9,"column":68}},"4":{"start":{"line":13,"column":8},"end":{"line":13,"column":19}},"5":{"start":{"line":5,"column":0},"end":{"line":15,"column":1}}},"fnMap":{"0":{"name":"PatchText","decl":{"start":{"line":5,"column":16},"end":{"line":5,"column":25}},"loc":{"start":{"line":5,"column":90},"end":{"line":15,"column":1}}}},"branchMap":{"0":{"loc":{"start":{"line":7,"column":4},"end":{"line":14,"column":5}},"type":"if","locations":[{"start":{"line":7,"column":4},"end":{"line":14,"column":5}},{"start":{"line":7,"column":4},"end":{"line":14,"column":5}}]}},"s":{"0":3,"1":3,"2":21,"3":4,"4":17,"5":3},"f":{"0":21},"b":{"0":[4,17]}}
,"G:\\Github\\react-edu\\src\\patcher\\utility.ts": {"path":"G:\\Github\\react-edu\\src\\patcher\\utility.ts","statementMap":{"0":{"start":{"line":2,"column":0},"end":{"line":2,"column":49}},"1":{"start":{"line":3,"column":0},"end":{"line":3,"column":53}},"2":{"start":{"line":9,"column":19},"end":{"line":9,"column":39}},"3":{"start":{"line":12,"column":4},"end":{"line":12,"column":46}},"4":{"start":{"line":14,"column":4},"end":{"line":14,"column":21}},"5":{"start":{"line":7,"column":0},"end":{"line":15,"column":1}},"6":{"start":{"line":19,"column":4},"end":{"line":19,"column":64}},"7":{"start":{"line":17,"column":0},"end":{"line":20,"column":1}},"8":{"start":{"line":24,"column":4},"end":{"line":51,"column":5}},"9":{"start":{"line":26,"column":8},"end":{"line":26,"column":22}},"10":{"start":{"line":28,"column":9},"end":{"line":51,"column":5}},"11":{"start":{"line":30,"column":8},"end":{"line":30,"column":27}},"12":{"start":{"line":32,"column":9},"end":{"line":51,"column":5}},"13":{"start":{"line":34,"column":8},"end":{"line":34,"column":26}},"14":{"start":{"line":36,"column":9},"end":{"line":51,"column":5}},"15":{"start":{"line":38,"column":8},"end":{"line":38,"column":26}},"16":{"start":{"line":40,"column":9},"end":{"line":51,"column":5}},"17":{"start":{"line":42,"column":8},"end":{"line":42,"column":22}},"18":{"start":{"line":44,"column":9},"end":{"line":51,"column":5}},"19":{"start":{"line":46,"column":8},"end":{"line":46,"column":29}},"20":{"start":{"line":48,"column":9},"end":{"line":51,"column":5}},"21":{"start":{"line":50,"column":8},"end":{"line":50,"column":29}},"22":{"start":{"line":53,"column":4},"end":{"line":53,"column":107}},"23":{"start":{"line":22,"column":0},"end":{"line":54,"column":1}}},"fnMap":{"0":{"name":"Replace","decl":{"start":{"line":7,"column":16},"end":{"line":7,"column":23}},"loc":{"start":{"line":7,"column":124},"end":{"line":15,"column":1}}},"1":{"name":"FullRender","decl":{"start":{"line":17,"column":16},"end":{"line":17,"column":26}},"loc":{"start":{"line":17,"column":91},"end":{"line":20,"column":1}}},"2":{"name":"PatchType","decl":{"start":{"line":22,"column":16},"end":{"line":22,"column":25}},"loc":{"start":{"line":22,"column":90},"end":{"line":54,"column":1}}}},"branchMap":{"0":{"loc":{"start":{"line":24,"column":4},"end":{"line":51,"column":5}},"type":"if","locations":[{"start":{"line":24,"column":4},"end":{"line":51,"column":5}},{"start":{"line":24,"column":4},"end":{"line":51,"column":5}}]},"1":{"loc":{"start":{"line":28,"column":9},"end":{"line":51,"column":5}},"type":"if","locations":[{"start":{"line":28,"column":9},"end":{"line":51,"column":5}},{"start":{"line":28,"column":9},"end":{"line":51,"column":5}}]},"2":{"loc":{"start":{"line":32,"column":9},"end":{"line":51,"column":5}},"type":"if","locations":[{"start":{"line":32,"column":9},"end":{"line":51,"column":5}},{"start":{"line":32,"column":9},"end":{"line":51,"column":5}}]},"3":{"loc":{"start":{"line":32,"column":13},"end":{"line":32,"column":37}},"type":"binary-expr","locations":[{"start":{"line":32,"column":13},"end":{"line":32,"column":37}},{"start":{"line":32,"column":41},"end":{"line":32,"column":63}},{"start":{"line":32,"column":67},"end":{"line":32,"column":138}}]},"4":{"loc":{"start":{"line":36,"column":9},"end":{"line":51,"column":5}},"type":"if","locations":[{"start":{"line":36,"column":9},"end":{"line":51,"column":5}},{"start":{"line":36,"column":9},"end":{"line":51,"column":5}}]},"5":{"loc":{"start":{"line":36,"column":13},"end":{"line":36,"column":37}},"type":"binary-expr","locations":[{"start":{"line":36,"column":13},"end":{"line":36,"column":37}},{"start":{"line":36,"column":41},"end":{"line":36,"column":63}},{"start":{"line":36,"column":67},"end":{"line":36,"column":138}}]},"6":{"loc":{"start":{"line":40,"column":9},"end":{"line":51,"column":5}},"type":"if","locations":[{"start":{"line":40,"column":9},"end":{"line":51,"column":5}},{"start":{"line":40,"column":9},"end":{"line":51,"column":5}}]},"7":{"loc":{"start":{"line":40,"column":13},"end":{"line":40,"column":38}},"type":"binary-expr","locations":[{"start":{"line":40,"column":13},"end":{"line":40,"column":38}},{"start":{"line":40,"column":42},"end":{"line":40,"column":65}}]},"8":{"loc":{"start":{"line":44,"column":9},"end":{"line":51,"column":5}},"type":"if","locations":[{"start":{"line":44,"column":9},"end":{"line":51,"column":5}},{"start":{"line":44,"column":9},"end":{"line":51,"column":5}}]},"9":{"loc":{"start":{"line":44,"column":13},"end":{"line":44,"column":38}},"type":"binary-expr","locations":[{"start":{"line":44,"column":13},"end":{"line":44,"column":38}},{"start":{"line":44,"column":42},"end":{"line":44,"column":64}}]},"10":{"loc":{"start":{"line":48,"column":9},"end":{"line":51,"column":5}},"type":"if","locations":[{"start":{"line":48,"column":9},"end":{"line":51,"column":5}},{"start":{"line":48,"column":9},"end":{"line":51,"column":5}}]},"11":{"loc":{"start":{"line":48,"column":13},"end":{"line":48,"column":37}},"type":"binary-expr","locations":[{"start":{"line":48,"column":13},"end":{"line":48,"column":37}},{"start":{"line":48,"column":41},"end":{"line":48,"column":64}}]}},"s":{"0":3,"1":3,"2":9,"3":9,"4":9,"5":3,"6":5,"7":3,"8":57,"9":1,"10":56,"11":6,"12":50,"13":26,"14":24,"15":1,"16":23,"17":21,"18":2,"19":1,"20":1,"21":1,"22":0,"23":3},"f":{"0":9,"1":5,"2":57},"b":{"0":[1,56],"1":[6,50],"2":[26,24],"3":[50,28,27],"4":[1,23],"5":[24,2,1],"6":[21,2],"7":[23,22],"8":[1,1],"9":[2,1],"10":[1,0],"11":[1,1]}}
,"G:\\Github\\react-edu\\src\\renderer\\component.ts": {"path":"G:\\Github\\react-edu\\src\\renderer\\component.ts","statementMap":{"0":{"start":{"line":2,"column":0},"end":{"line":2,"column":39}},"1":{"start":{"line":3,"column":0},"end":{"line":3,"column":48}},"2":{"start":{"line":7,"column":15},"end":{"line":7,"column":67}},"3":{"start":{"line":8,"column":26},"end":{"line":8,"column":47}},"4":{"start":{"line":10,"column":4},"end":{"line":31,"column":5}},"5":{"start":{"line":13,"column":25},"end":{"line":13,"column":58}},"6":{"start":{"line":14,"column":8},"end":{"line":14,"column":38}},"7":{"start":{"line":15,"column":8},"end":{"line":15,"column":58}},"8":{"start":{"line":16,"column":8},"end":{"line":16,"column":51}},"9":{"start":{"line":17,"column":8},"end":{"line":17,"column":52}},"10":{"start":{"line":18,"column":8},"end":{"line":18,"column":37}},"11":{"start":{"line":19,"column":8},"end":{"line":19,"column":29}},"12":{"start":{"line":21,"column":9},"end":{"line":31,"column":5}},"13":{"start":{"line":25,"column":20},"end":{"line":25,"column":56}},"14":{"start":{"line":26,"column":8},"end":{"line":29,"column":9}},"15":{"start":{"line":28,"column":13},"end":{"line":28,"column":55}},"16":{"start":{"line":30,"column":8},"end":{"line":30,"column":19}},"17":{"start":{"line":5,"column":0},"end":{"line":32,"column":1}}},"fnMap":{"0":{"name":"RenderComponent","decl":{"start":{"line":5,"column":16},"end":{"line":5,"column":31}},"loc":{"start":{"line":5,"column":79},"end":{"line":32,"column":1}}}},"branchMap":{"0":{"loc":{"start":{"line":5,"column":75},"end":{"line":5,"column":79}},"type":"default-arg","locations":[{"start":{"line":5,"column":75},"end":{"line":5,"column":79}}]},"1":{"loc":{"start":{"line":10,"column":4},"end":{"line":31,"column":5}},"type":"if","locations":[{"start":{"line":10,"column":4},"end":{"line":31,"column":5}},{"start":{"line":10,"column":4},"end":{"line":31,"column":5}}]},"2":{"loc":{"start":{"line":21,"column":9},"end":{"line":31,"column":5}},"type":"if","locations":[{"start":{"line":21,"column":9},"end":{"line":31,"column":5}},{"start":{"line":21,"column":9},"end":{"line":31,"column":5}}]},"3":{"loc":{"start":{"line":26,"column":8},"end":{"line":29,"column":9}},"type":"if","locations":[{"start":{"line":26,"column":8},"end":{"line":29,"column":9}},{"start":{"line":26,"column":8},"end":{"line":29,"column":9}}]}},"s":{"0":3,"1":3,"2":16,"3":16,"4":16,"5":11,"6":11,"7":11,"8":11,"9":11,"10":11,"11":11,"12":5,"13":5,"14":5,"15":4,"16":5,"17":3},"f":{"0":16},"b":{"0":[0],"1":[11,5],"2":[5,0],"3":[4,1]}}
,"G:\\Github\\react-edu\\src\\renderer\\dom-renderer.ts": {"path":"G:\\Github\\react-edu\\src\\renderer\\dom-renderer.ts","statementMap":{"0":{"start":{"line":2,"column":0},"end":{"line":2,"column":44}},"1":{"start":{"line":3,"column":0},"end":{"line":3,"column":35}},"2":{"start":{"line":4,"column":0},"end":{"line":4,"column":33}},"3":{"start":{"line":5,"column":0},"end":{"line":5,"column":45}},"4":{"start":{"line":6,"column":0},"end":{"line":6,"column":35}},"5":{"start":{"line":10,"column":0},"end":{"line":15,"column":1}},"6":{"start":{"line":20,"column":17},"end":{"line":20,"column":31}},"7":{"start":{"line":22,"column":4},"end":{"line":29,"column":5}},"8":{"start":{"line":24,"column":8},"end":{"line":24,"column":50}},"9":{"start":{"line":28,"column":8},"end":{"line":28,"column":70}},"10":{"start":{"line":18,"column":0},"end":{"line":30,"column":1}}},"fnMap":{"0":{"name":"Render","decl":{"start":{"line":18,"column":16},"end":{"line":18,"column":22}},"loc":{"start":{"line":18,"column":66},"end":{"line":30,"column":1}}}},"branchMap":{"0":{"loc":{"start":{"line":18,"column":62},"end":{"line":18,"column":66}},"type":"default-arg","locations":[{"start":{"line":18,"column":62},"end":{"line":18,"column":66}}]},"1":{"loc":{"start":{"line":22,"column":4},"end":{"line":29,"column":5}},"type":"if","locations":[{"start":{"line":22,"column":4},"end":{"line":29,"column":5}},{"start":{"line":22,"column":4},"end":{"line":29,"column":5}}]}},"s":{"0":3,"1":3,"2":3,"3":3,"4":3,"5":3,"6":119,"7":119,"8":119,"9":0,"10":3},"f":{"0":119},"b":{"0":[12],"1":[119,0]}}
,"G:\\Github\\react-edu\\src\\renderer\\null.ts": {"path":"G:\\Github\\react-edu\\src\\renderer\\null.ts","statementMap":{"0":{"start":{"line":5,"column":4},"end":{"line":5,"column":16}},"1":{"start":{"line":3,"column":0},"end":{"line":6,"column":1}}},"fnMap":{"0":{"name":"RenderNull","decl":{"start":{"line":3,"column":16},"end":{"line":3,"column":26}},"loc":{"start":{"line":3,"column":70},"end":{"line":6,"column":1}}}},"branchMap":{"0":{"loc":{"start":{"line":3,"column":66},"end":{"line":3,"column":70}},"type":"default-arg","locations":[{"start":{"line":3,"column":66},"end":{"line":3,"column":70}}]}},"s":{"0":1,"1":3},"f":{"0":1},"b":{"0":[0]}}
,"G:\\Github\\react-edu\\src\\renderer\\tag.ts": {"path":"G:\\Github\\react-edu\\src\\renderer\\tag.ts","statementMap":{"0":{"start":{"line":2,"column":0},"end":{"line":2,"column":47}},"1":{"start":{"line":3,"column":0},"end":{"line":3,"column":39}},"2":{"start":{"line":4,"column":0},"end":{"line":4,"column":40}},"3":{"start":{"line":8,"column":17},"end":{"line":8,"column":67}},"4":{"start":{"line":18,"column":4},"end":{"line":18,"column":69}},"5":{"start":{"line":18,"column":37},"end":{"line":18,"column":67}},"6":{"start":{"line":19,"column":4},"end":{"line":19,"column":85}},"7":{"start":{"line":19,"column":44},"end":{"line":19,"column":83}},"8":{"start":{"line":20,"column":4},"end":{"line":20,"column":31}},"9":{"start":{"line":6,"column":0},"end":{"line":21,"column":1}}},"fnMap":{"0":{"name":"RenderTag","decl":{"start":{"line":6,"column":16},"end":{"line":6,"column":25}},"loc":{"start":{"line":6,"column":73},"end":{"line":21,"column":1}}},"1":{"name":"(anonymous_1)","decl":{"start":{"line":18,"column":32},"end":{"line":18,"column":33}},"loc":{"start":{"line":18,"column":37},"end":{"line":18,"column":67}}},"2":{"name":"(anonymous_2)","decl":{"start":{"line":19,"column":39},"end":{"line":19,"column":40}},"loc":{"start":{"line":19,"column":44},"end":{"line":19,"column":83}}}},"branchMap":{"0":{"loc":{"start":{"line":6,"column":69},"end":{"line":6,"column":73}},"type":"default-arg","locations":[{"start":{"line":6,"column":69},"end":{"line":6,"column":73}}]}},"s":{"0":3,"1":3,"2":3,"3":42,"4":42,"5":72,"6":42,"7":18,"8":42,"9":3},"f":{"0":42,"1":72,"2":18},"b":{"0":[0]}}
,"G:\\Github\\react-edu\\src\\renderer\\text.ts": {"path":"G:\\Github\\react-edu\\src\\renderer\\text.ts","statementMap":{"0":{"start":{"line":2,"column":0},"end":{"line":2,"column":33}},"1":{"start":{"line":6,"column":4},"end":{"line":6,"column":67}},"2":{"start":{"line":4,"column":0},"end":{"line":7,"column":1}}},"fnMap":{"0":{"name":"RenderText","decl":{"start":{"line":4,"column":16},"end":{"line":4,"column":26}},"loc":{"start":{"line":4,"column":70},"end":{"line":7,"column":1}}}},"branchMap":{"0":{"loc":{"start":{"line":4,"column":66},"end":{"line":4,"column":70}},"type":"default-arg","locations":[{"start":{"line":4,"column":66},"end":{"line":4,"column":70}}]}},"s":{"0":3,"1":60,"2":3},"f":{"0":60},"b":{"0":[0]}}
,"G:\\Github\\react-edu\\src\\renderer\\utility.ts": {"path":"G:\\Github\\react-edu\\src\\renderer\\utility.ts","statementMap":{"0":{"start":{"line":4,"column":4},"end":{"line":4,"column":46}},"1":{"start":{"line":1,"column":0},"end":{"line":5,"column":1}},"2":{"start":{"line":9,"column":4},"end":{"line":36,"column":5}},"3":{"start":{"line":11,"column":25},"end":{"line":11,"column":51}},"4":{"start":{"line":14,"column":8},"end":{"line":17,"column":9}},"5":{"start":{"line":16,"column":12},"end":{"line":16,"column":33}},"6":{"start":{"line":19,"column":20},"end":{"line":19,"column":28}},"7":{"start":{"line":20,"column":8},"end":{"line":20,"column":60}},"8":{"start":{"line":21,"column":8},"end":{"line":21,"column":79}},"9":{"start":{"line":22,"column":8},"end":{"line":22,"column":50}},"10":{"start":{"line":23,"column":8},"end":{"line":23,"column":76}},"11":{"start":{"line":25,"column":9},"end":{"line":36,"column":5}},"12":{"start":{"line":27,"column":8},"end":{"line":27,"column":38}},"13":{"start":{"line":29,"column":9},"end":{"line":36,"column":5}},"14":{"start":{"line":31,"column":9},"end":{"line":31,"column":40}},"15":{"start":{"line":35,"column":8},"end":{"line":35,"column":23}},"16":{"start":{"line":7,"column":0},"end":{"line":37,"column":1}}},"fnMap":{"0":{"name":"Mount","decl":{"start":{"line":1,"column":16},"end":{"line":1,"column":21}},"loc":{"start":{"line":1,"column":71},"end":{"line":5,"column":1}}},"1":{"name":"SetAttribute","decl":{"start":{"line":7,"column":16},"end":{"line":7,"column":28}},"loc":{"start":{"line":7,"column":82},"end":{"line":37,"column":1}}}},"branchMap":{"0":{"loc":{"start":{"line":1,"column":67},"end":{"line":1,"column":71}},"type":"default-arg","locations":[{"start":{"line":1,"column":67},"end":{"line":1,"column":71}}]},"1":{"loc":{"start":{"line":4,"column":20},"end":{"line":4,"column":41}},"type":"cond-expr","locations":[{"start":{"line":4,"column":20},"end":{"line":4,"column":41}},{"start":{"line":4,"column":44},"end":{"line":4,"column":45}}]},"2":{"loc":{"start":{"line":9,"column":4},"end":{"line":36,"column":5}},"type":"if","locations":[{"start":{"line":9,"column":4},"end":{"line":36,"column":5}},{"start":{"line":9,"column":4},"end":{"line":36,"column":5}}]},"3":{"loc":{"start":{"line":9,"column":8},"end":{"line":9,"column":35}},"type":"binary-expr","locations":[{"start":{"line":9,"column":8},"end":{"line":9,"column":35}},{"start":{"line":9,"column":39},"end":{"line":9,"column":59}}]},"4":{"loc":{"start":{"line":14,"column":8},"end":{"line":17,"column":9}},"type":"if","locations":[{"start":{"line":14,"column":8},"end":{"line":17,"column":9}},{"start":{"line":14,"column":8},"end":{"line":17,"column":9}}]},"5":{"loc":{"start":{"line":20,"column":32},"end":{"line":20,"column":53}},"type":"binary-expr","locations":[{"start":{"line":20,"column":32},"end":{"line":20,"column":53}},{"start":{"line":20,"column":57},"end":{"line":20,"column":59}}]},"6":{"loc":{"start":{"line":25,"column":9},"end":{"line":36,"column":5}},"type":"if","locations":[{"start":{"line":25,"column":9},"end":{"line":36,"column":5}},{"start":{"line":25,"column":9},"end":{"line":36,"column":5}}]},"7":{"loc":{"start":{"line":25,"column":13},"end":{"line":25,"column":27}},"type":"binary-expr","locations":[{"start":{"line":25,"column":13},"end":{"line":25,"column":27}},{"start":{"line":25,"column":31},"end":{"line":25,"column":55}}]},"8":{"loc":{"start":{"line":29,"column":9},"end":{"line":36,"column":5}},"type":"if","locations":[{"start":{"line":29,"column":9},"end":{"line":36,"column":5}},{"start":{"line":29,"column":9},"end":{"line":36,"column":5}}]}},"s":{"0":144,"1":3,"2":34,"3":18,"4":18,"5":5,"6":18,"7":18,"8":18,"9":18,"10":18,"11":16,"12":0,"13":16,"14":6,"15":10,"16":3},"f":{"0":144,"1":34},"b":{"0":[42],"1":[90,54],"2":[18,16],"3":[34,18],"4":[5,13],"5":[18,7],"6":[0,16],"7":[16,0],"8":[6,10]}}
,"G:\\Github\\react-edu\\test\\common\\component\\component.ts": {"path":"G:\\Github\\react-edu\\test\\common\\component\\component.ts","statementMap":{"0":{"start":{"line":1,"column":0},"end":{"line":1,"column":55}},"1":{"start":{"line":4,"column":2},"end":{"line":4,"column":58}},"2":{"start":{"line":9,"column":4},"end":{"line":9,"column":17}},"3":{"start":{"line":13,"column":4},"end":{"line":13,"column":49}},"4":{"start":{"line":20,"column":4},"end":{"line":20,"column":17}},"5":{"start":{"line":24,"column":4},"end":{"line":24,"column":125}},"6":{"start":{"line":30,"column":2},"end":{"line":30,"column":102}},"7":{"start":{"line":33,"column":25},"end":{"line":38,"column":3}},"8":{"start":{"line":39,"column":26},"end":{"line":47,"column":12}},"9":{"start":{"line":48,"column":16},"end":{"line":48,"column":108}},"10":{"start":{"line":49,"column":22},"end":{"line":52,"column":36}},"11":{"start":{"line":53,"column":16},"end":{"line":53,"column":75}},"12":{"start":{"line":56,"column":2},"end":{"line":56,"column":14}},"13":{"start":{"line":59,"column":26},"end":{"line":59,"column":118}},"14":{"start":{"line":60,"column":22},"end":{"line":60,"column":117}},"15":{"start":{"line":61,"column":22},"end":{"line":61,"column":23}},"16":{"start":{"line":65,"column":4},"end":{"line":65,"column":17}},"17":{"start":{"line":66,"column":4},"end":{"line":68,"column":6}},"18":{"start":{"line":72,"column":4},"end":{"line":72,"column":22}},"19":{"start":{"line":73,"column":4},"end":{"line":78,"column":7}},"20":{"start":{"line":82,"column":4},"end":{"line":82,"column":22}},"21":{"start":{"line":83,"column":4},"end":{"line":88,"column":7}},"22":{"start":{"line":92,"column":23},"end":{"line":92,"column":44}},"23":{"start":{"line":93,"column":4},"end":{"line":93,"column":21}},"24":{"start":{"line":94,"column":4},"end":{"line":96,"column":7}},"25":{"start":{"line":100,"column":4},"end":{"line":108,"column":20}},"26":{"start":{"line":106,"column":47},"end":{"line":108,"column":17}},"27":{"start":{"line":113,"column":19},"end":{"line":116,"column":1}},"28":{"start":{"line":119,"column":2},"end":{"line":119,"column":35}},"29":{"start":{"line":123,"column":2},"end":{"line":123,"column":30}},"30":{"start":{"line":127,"column":16},"end":{"line":127,"column":39}},"31":{"start":{"line":129,"column":2},"end":{"line":131,"column":3}},"32":{"start":{"line":130,"column":4},"end":{"line":130,"column":14}},"33":{"start":{"line":133,"column":17},"end":{"line":133,"column":31}},"34":{"start":{"line":134,"column":18},"end":{"line":134,"column":50}},"35":{"start":{"line":135,"column":2},"end":{"line":135,"column":28}},"36":{"start":{"line":139,"column":2},"end":{"line":141,"column":3}},"37":{"start":{"line":140,"column":4},"end":{"line":140,"column":61}},"38":{"start":{"line":143,"column":2},"end":{"line":143,"column":63}},"39":{"start":{"line":148,"column":4},"end":{"line":148,"column":17}},"40":{"start":{"line":149,"column":4},"end":{"line":149,"column":53}},"41":{"start":{"line":153,"column":4},"end":{"line":153,"column":51}},"42":{"start":{"line":157,"column":24},"end":{"line":157,"column":46}},"43":{"start":{"line":158,"column":18},"end":{"line":158,"column":34}},"44":{"start":{"line":159,"column":4},"end":{"line":162,"column":7}},"45":{"start":{"line":169,"column":4},"end":{"line":169,"column":17}},"46":{"start":{"line":170,"column":4},"end":{"line":170,"column":67}},"47":{"start":{"line":171,"column":4},"end":{"line":171,"column":73}},"48":{"start":{"line":172,"column":4},"end":{"line":175,"column":6}},"49":{"start":{"line":179,"column":4},"end":{"line":182,"column":7}},"50":{"start":{"line":186,"column":4},"end":{"line":189,"column":7}},"51":{"start":{"line":193,"column":18},"end":{"line":193,"column":34}},"52":{"start":{"line":194,"column":24},"end":{"line":194,"column":46}},"53":{"start":{"line":195,"column":20},"end":{"line":195,"column":84}},"54":{"start":{"line":196,"column":23},"end":{"line":196,"column":90}},"55":{"start":{"line":197,"column":4},"end":{"line":205,"column":8}},"56":{"start":{"line":211,"column":2},"end":{"line":213,"column":21}},"57":{"start":{"line":217,"column":2},"end":{"line":219,"column":21}},"58":{"start":{"line":224,"column":4},"end":{"line":224,"column":17}},"59":{"start":{"line":225,"column":4},"end":{"line":225,"column":53}},"60":{"start":{"line":226,"column":4},"end":{"line":226,"column":53}},"61":{"start":{"line":227,"column":4},"end":{"line":229,"column":6}},"62":{"start":{"line":233,"column":4},"end":{"line":241,"column":25}},"63":{"start":{"line":245,"column":4},"end":{"line":247,"column":7}},"64":{"start":{"line":251,"column":4},"end":{"line":251,"column":50}},"65":{"start":{"line":256,"column":13},"end":{"line":283,"column":2}}},"fnMap":{"0":{"name":"SimpleFunctionComponent","decl":{"start":{"line":3,"column":9},"end":{"line":3,"column":32}},"loc":{"start":{"line":3,"column":38},"end":{"line":5,"column":1}}},"1":{"name":"(anonymous_1)","decl":{"start":{"line":8,"column":2},"end":{"line":8,"column":13}},"loc":{"start":{"line":8,"column":19},"end":{"line":10,"column":3}}},"2":{"name":"(anonymous_2)","decl":{"start":{"line":12,"column":2},"end":{"line":12,"column":7}},"loc":{"start":{"line":12,"column":8},"end":{"line":14,"column":3}}},"3":{"name":"(anonymous_3)","decl":{"start":{"line":19,"column":2},"end":{"line":19,"column":13}},"loc":{"start":{"line":19,"column":19},"end":{"line":21,"column":3}}},"4":{"name":"(anonymous_4)","decl":{"start":{"line":23,"column":2},"end":{"line":23,"column":7}},"loc":{"start":{"line":23,"column":8},"end":{"line":25,"column":3}}},"5":{"name":"Container","decl":{"start":{"line":29,"column":9},"end":{"line":29,"column":18}},"loc":{"start":{"line":29,"column":24},"end":{"line":31,"column":1}}},"6":{"name":"NullComponent","decl":{"start":{"line":55,"column":9},"end":{"line":55,"column":22}},"loc":{"start":{"line":55,"column":28},"end":{"line":57,"column":1}}},"7":{"name":"(anonymous_7)","decl":{"start":{"line":64,"column":2},"end":{"line":64,"column":13}},"loc":{"start":{"line":64,"column":19},"end":{"line":69,"column":3}}},"8":{"name":"(anonymous_8)","decl":{"start":{"line":71,"column":2},"end":{"line":71,"column":9}},"loc":{"start":{"line":71,"column":10},"end":{"line":79,"column":3}}},"9":{"name":"(anonymous_9)","decl":{"start":{"line":81,"column":2},"end":{"line":81,"column":10}},"loc":{"start":{"line":81,"column":11},"end":{"line":89,"column":3}}},"10":{"name":"(anonymous_10)","decl":{"start":{"line":91,"column":2},"end":{"line":91,"column":11}},"loc":{"start":{"line":91,"column":12},"end":{"line":97,"column":3}}},"11":{"name":"(anonymous_11)","decl":{"start":{"line":99,"column":2},"end":{"line":99,"column":7}},"loc":{"start":{"line":99,"column":8},"end":{"line":109,"column":3}}},"12":{"name":"(anonymous_12)","decl":{"start":{"line":106,"column":39},"end":{"line":106,"column":42}},"loc":{"start":{"line":106,"column":47},"end":{"line":108,"column":17}}},"13":{"name":"toCelsius","decl":{"start":{"line":118,"column":9},"end":{"line":118,"column":18}},"loc":{"start":{"line":118,"column":29},"end":{"line":120,"column":1}}},"14":{"name":"toFahrenheit","decl":{"start":{"line":122,"column":9},"end":{"line":122,"column":21}},"loc":{"start":{"line":122,"column":29},"end":{"line":124,"column":1}}},"15":{"name":"tryConvert","decl":{"start":{"line":126,"column":9},"end":{"line":126,"column":19}},"loc":{"start":{"line":126,"column":40},"end":{"line":136,"column":1}}},"16":{"name":"BoilingVerdict","decl":{"start":{"line":138,"column":9},"end":{"line":138,"column":23}},"loc":{"start":{"line":138,"column":29},"end":{"line":144,"column":1}}},"17":{"name":"(anonymous_17)","decl":{"start":{"line":147,"column":2},"end":{"line":147,"column":13}},"loc":{"start":{"line":147,"column":19},"end":{"line":150,"column":3}}},"18":{"name":"(anonymous_18)","decl":{"start":{"line":152,"column":2},"end":{"line":152,"column":13}},"loc":{"start":{"line":152,"column":16},"end":{"line":154,"column":3}}},"19":{"name":"(anonymous_19)","decl":{"start":{"line":156,"column":2},"end":{"line":156,"column":7}},"loc":{"start":{"line":156,"column":8},"end":{"line":163,"column":3}}},"20":{"name":"(anonymous_20)","decl":{"start":{"line":168,"column":2},"end":{"line":168,"column":13}},"loc":{"start":{"line":168,"column":19},"end":{"line":176,"column":3}}},"21":{"name":"(anonymous_21)","decl":{"start":{"line":178,"column":2},"end":{"line":178,"column":20}},"loc":{"start":{"line":178,"column":33},"end":{"line":183,"column":3}}},"22":{"name":"(anonymous_22)","decl":{"start":{"line":185,"column":2},"end":{"line":185,"column":23}},"loc":{"start":{"line":185,"column":36},"end":{"line":190,"column":3}}},"23":{"name":"(anonymous_23)","decl":{"start":{"line":192,"column":2},"end":{"line":192,"column":7}},"loc":{"start":{"line":192,"column":8},"end":{"line":206,"column":3}}},"24":{"name":"FancyBorder","decl":{"start":{"line":210,"column":9},"end":{"line":210,"column":20}},"loc":{"start":{"line":210,"column":26},"end":{"line":214,"column":1}}},"25":{"name":"Dialog","decl":{"start":{"line":216,"column":9},"end":{"line":216,"column":15}},"loc":{"start":{"line":216,"column":21},"end":{"line":220,"column":1}}},"26":{"name":"(anonymous_26)","decl":{"start":{"line":223,"column":2},"end":{"line":223,"column":13}},"loc":{"start":{"line":223,"column":19},"end":{"line":230,"column":3}}},"27":{"name":"(anonymous_27)","decl":{"start":{"line":232,"column":2},"end":{"line":232,"column":7}},"loc":{"start":{"line":232,"column":8},"end":{"line":242,"column":3}}},"28":{"name":"(anonymous_28)","decl":{"start":{"line":244,"column":2},"end":{"line":244,"column":13}},"loc":{"start":{"line":244,"column":16},"end":{"line":248,"column":3}}},"29":{"name":"(anonymous_29)","decl":{"start":{"line":250,"column":2},"end":{"line":250,"column":13}},"loc":{"start":{"line":250,"column":14},"end":{"line":252,"column":3}}}},"branchMap":{"0":{"loc":{"start":{"line":129,"column":2},"end":{"line":131,"column":3}},"type":"if","locations":[{"start":{"line":129,"column":2},"end":{"line":131,"column":3}},{"start":{"line":129,"column":2},"end":{"line":131,"column":3}}]},"1":{"loc":{"start":{"line":139,"column":2},"end":{"line":141,"column":3}},"type":"if","locations":[{"start":{"line":139,"column":2},"end":{"line":141,"column":3}},{"start":{"line":139,"column":2},"end":{"line":141,"column":3}}]},"2":{"loc":{"start":{"line":195,"column":36},"end":{"line":195,"column":70}},"type":"cond-expr","locations":[{"start":{"line":195,"column":36},"end":{"line":195,"column":70}},{"start":{"line":195,"column":73},"end":{"line":195,"column":84}}]},"3":{"loc":{"start":{"line":196,"column":39},"end":{"line":196,"column":76}},"type":"cond-expr","locations":[{"start":{"line":196,"column":39},"end":{"line":196,"column":76}},{"start":{"line":196,"column":79},"end":{"line":196,"column":90}}]}},"s":{"0":3,"1":1,"2":1,"3":1,"4":5,"5":6,"6":1,"7":3,"8":3,"9":3,"10":3,"11":3,"12":2,"13":3,"14":3,"15":3,"16":1,"17":1,"18":3,"19":3,"20":0,"21":0,"22":0,"23":0,"24":0,"25":4,"26":6,"27":3,"28":0,"29":1,"30":2,"31":2,"32":1,"33":1,"34":1,"35":1,"36":0,"37":0,"38":0,"39":2,"40":2,"41":0,"42":4,"43":4,"44":4,"45":1,"46":1,"47":1,"48":1,"49":1,"50":0,"51":2,"52":2,"53":2,"54":2,"55":2,"56":1,"57":1,"58":1,"59":1,"60":1,"61":1,"62":1,"63":0,"64":0,"65":3},"f":{"0":1,"1":1,"2":1,"3":5,"4":6,"5":1,"6":2,"7":1,"8":3,"9":0,"10":0,"11":4,"12":6,"13":0,"14":1,"15":2,"16":0,"17":2,"18":0,"19":4,"20":1,"21":1,"22":0,"23":2,"24":1,"25":1,"26":1,"27":1,"28":0,"29":0},"b":{"0":[1,1],"1":[0,0],"2":[0,2],"3":[2,0]}}
}
