TN:
SF:G:\Github\react-edu\src\index.ts
FNF:0
FNH:0
DA:1,3
DA:2,3
DA:3,3
DA:4,3
LF:4
LH:4
BRF:0
BRH:0
end_of_record
TN:
SF:G:\Github\react-edu\src\common\utility.ts
FN:8,DomType
FN:20,VDomType
FN:46,ComponenType
FN:58,OnFlat
FN:60,(anonymous_4)
FN:63,Flat
FN:65,(anonymous_6)
FNF:7
FNH:7
FNDA:54,DomType
FNDA:332,VDomType
FNDA:24,ComponenType
FNDA:101,OnFlat
FNDA:163,(anonymous_4)
FNDA:94,Flat
FNDA:156,(anonymous_6)
DA:2,3
DA:8,3
DA:10,54
DA:12,24
DA:16,30
DA:20,3
DA:22,332
DA:24,2
DA:27,330
DA:29,171
DA:34,159
DA:36,131
DA:38,28
DA:40,28
DA:43,0
DA:46,3
DA:48,24
DA:50,13
DA:54,11
DA:60,163
DA:63,3
DA:65,156
LF:22
LH:21
BRDA:10,0,0,24
BRDA:10,0,1,30
BRDA:22,1,0,2
BRDA:22,1,1,330
BRDA:27,2,0,171
BRDA:27,2,1,159
BRDA:27,3,0,330
BRDA:27,3,1,170
BRDA:34,4,0,131
BRDA:34,4,1,28
BRDA:34,5,0,159
BRDA:34,5,1,159
BRDA:38,6,0,28
BRDA:38,6,1,0
BRDA:38,7,0,28
BRDA:38,7,1,28
BRDA:48,8,0,13
BRDA:48,8,1,11
BRDA:60,9,0,7
BRDA:60,9,1,156
BRF:20
BRH:19
end_of_record
TN:
SF:G:\Github\react-edu\src\component\component.ts
FN:16,(anonymous_0)
FN:24,(anonymous_1)
FN:40,(anonymous_2)
FN:45,(anonymous_3)
FN:50,(anonymous_4)
FN:55,(anonymous_5)
FN:60,(anonymous_6)
FN:65,(anonymous_7)
FN:70,(anonymous_8)
FNF:9
FNH:9
FNDA:11,(anonymous_0)
FNDA:4,(anonymous_1)
FNDA:11,(anonymous_2)
FNDA:11,(anonymous_3)
FNDA:1,(anonymous_4)
FNDA:3,(anonymous_5)
FNDA:7,(anonymous_6)
FNDA:7,(anonymous_7)
FNDA:7,(anonymous_8)
DA:2,3
DA:9,3
DA:18,11
DA:19,11
DA:26,4
DA:28,4
DA:29,4
DA:30,4
DA:31,4
DA:35,0
DA:72,7
LF:11
LH:10
BRDA:18,0,0,11
BRDA:18,0,1,0
BRDA:26,1,0,4
BRDA:26,1,1,0
BRF:4
BRH:2
end_of_record
TN:
SF:G:\Github\react-edu\src\element\rigid-element.ts
FN:20,CreateElement
FNF:1
FNH:1
FNDA:143,CreateElement
DA:20,3
DA:22,143
LF:2
LH:2
BRDA:22,0,0,143
BRDA:22,0,1,82
BRDA:22,1,0,143
BRDA:22,1,1,0
BRF:4
BRH:3
end_of_record
TN:
SF:G:\Github\react-edu\src\patcher\component.ts
FN:6,PatchByComponent
FNF:1
FNH:1
FNDA:6,PatchByComponent
DA:2,3
DA:3,3
DA:4,3
DA:6,3
DA:13,6
DA:14,6
DA:17,6
DA:19,4
DA:21,4
DA:23,3
DA:24,3
DA:26,3
DA:28,3
DA:29,3
DA:30,3
DA:31,3
DA:35,0
DA:40,1
DA:41,1
DA:45,2
DA:47,1
DA:49,1
DA:51,1
LF:23
LH:22
BRDA:17,0,0,4
BRDA:17,0,1,2
BRDA:21,1,0,3
BRDA:21,1,1,1
BRDA:26,2,0,3
BRDA:26,2,1,0
BRDA:45,3,0,1
BRDA:45,3,1,1
BRDA:49,4,0,1
BRDA:49,4,1,0
BRF:10
BRH:8
end_of_record
TN:
SF:G:\Github\react-edu\src\patcher\null.ts
FN:3,PatchNull
FNF:1
FNH:1
FNDA:1,PatchNull
DA:3,3
DA:5,1
LF:2
LH:2
BRF:0
BRH:0
end_of_record
TN:
SF:G:\Github\react-edu\src\patcher\patcher.ts
FN:20,Patch
FNF:1
FNH:1
FNDA:57,Patch
DA:2,3
DA:3,3
DA:4,3
DA:5,3
DA:6,3
DA:9,3
DA:20,3
DA:22,57
DA:24,57
DA:26,57
DA:30,0
LF:11
LH:10
BRDA:24,0,0,57
BRDA:24,0,1,0
BRF:2
BRH:1
end_of_record
TN:
SF:G:\Github\react-edu\src\patcher\same-tag.ts
FN:7,PatchSameTag
FN:12,(anonymous_1)
FN:18,(anonymous_2)
FN:31,(anonymous_3)
FNF:4
FNH:4
FNDA:26,PatchSameTag
FNDA:41,(anonymous_1)
FNDA:43,(anonymous_2)
FNDA:1,(anonymous_3)
DA:2,3
DA:3,3
DA:4,3
DA:5,3
DA:7,3
DA:9,26
DA:10,26
DA:12,26
DA:14,41
DA:15,41
DA:18,26
DA:21,43
DA:24,43
DA:25,43
DA:26,43
DA:31,26
DA:33,1
DA:34,1
DA:35,1
DA:38,26
DA:40,0
DA:43,26
DA:45,16
DA:48,26
DA:50,26
LF:25
LH:24
BRDA:14,0,0,41
BRDA:14,0,1,38
BRDA:21,1,0,43
BRDA:21,1,1,22
BRDA:21,1,2,37
BRDA:24,2,0,40
BRDA:24,2,1,3
BRDA:25,3,0,43
BRDA:25,3,1,42
BRDA:34,4,0,1
BRDA:34,4,1,0
BRF:11
BRH:10
end_of_record
TN:
SF:G:\Github\react-edu\src\patcher\text.ts
FN:5,PatchText
FNF:1
FNH:1
FNDA:21,PatchText
DA:2,3
DA:3,3
DA:5,3
DA:7,21
DA:9,4
DA:13,17
LF:6
LH:6
BRDA:7,0,0,4
BRDA:7,0,1,17
BRF:2
BRH:2
end_of_record
TN:
SF:G:\Github\react-edu\src\patcher\utility.ts
FN:7,Replace
FN:17,FullRender
FN:22,PatchType
FNF:3
FNH:3
FNDA:9,Replace
FNDA:5,FullRender
FNDA:57,PatchType
DA:2,3
DA:3,3
DA:7,3
DA:9,9
DA:12,9
DA:14,9
DA:17,3
DA:19,5
DA:22,3
DA:24,57
DA:26,1
DA:28,56
DA:30,6
DA:32,50
DA:34,26
DA:36,24
DA:38,1
DA:40,23
DA:42,21
DA:44,2
DA:46,1
DA:48,1
DA:50,1
DA:53,0
LF:24
LH:23
BRDA:24,0,0,1
BRDA:24,0,1,56
BRDA:28,1,0,6
BRDA:28,1,1,50
BRDA:32,2,0,26
BRDA:32,2,1,24
BRDA:32,3,0,50
BRDA:32,3,1,28
BRDA:32,3,2,27
BRDA:36,4,0,1
BRDA:36,4,1,23
BRDA:36,5,0,24
BRDA:36,5,1,2
BRDA:36,5,2,1
BRDA:40,6,0,21
BRDA:40,6,1,2
BRDA:40,7,0,23
BRDA:40,7,1,22
BRDA:44,8,0,1
BRDA:44,8,1,1
BRDA:44,9,0,2
BRDA:44,9,1,1
BRDA:48,10,0,1
BRDA:48,10,1,0
BRDA:48,11,0,1
BRDA:48,11,1,1
BRF:26
BRH:25
end_of_record
TN:
SF:G:\Github\react-edu\src\renderer\component.ts
FN:5,RenderComponent
FNF:1
FNH:1
FNDA:16,RenderComponent
DA:2,3
DA:3,3
DA:5,3
DA:7,16
DA:8,16
DA:10,16
DA:13,11
DA:14,11
DA:15,11
DA:16,11
DA:17,11
DA:18,11
DA:19,11
DA:21,5
DA:25,5
DA:26,5
DA:28,4
DA:30,5
LF:18
LH:18
BRDA:5,0,0,0
BRDA:10,1,0,11
BRDA:10,1,1,5
BRDA:21,2,0,5
BRDA:21,2,1,0
BRDA:26,3,0,4
BRDA:26,3,1,1
BRF:7
BRH:5
end_of_record
TN:
SF:G:\Github\react-edu\src\renderer\dom-renderer.ts
FN:18,Render
FNF:1
FNH:1
FNDA:119,Render
DA:2,3
DA:3,3
DA:4,3
DA:5,3
DA:6,3
DA:10,3
DA:18,3
DA:20,119
DA:22,119
DA:24,119
DA:28,0
LF:11
LH:10
BRDA:18,0,0,12
BRDA:22,1,0,119
BRDA:22,1,1,0
BRF:3
BRH:2
end_of_record
TN:
SF:G:\Github\react-edu\src\renderer\null.ts
FN:3,RenderNull
FNF:1
FNH:1
FNDA:1,RenderNull
DA:3,3
DA:5,1
LF:2
LH:2
BRDA:3,0,0,0
BRF:1
BRH:0
end_of_record
TN:
SF:G:\Github\react-edu\src\renderer\tag.ts
FN:6,RenderTag
FN:18,(anonymous_1)
FN:19,(anonymous_2)
FNF:3
FNH:3
FNDA:42,RenderTag
FNDA:72,(anonymous_1)
FNDA:18,(anonymous_2)
DA:2,3
DA:3,3
DA:4,3
DA:6,3
DA:8,42
DA:18,72
DA:19,42
DA:20,42
LF:8
LH:8
BRDA:6,0,0,0
BRF:1
BRH:0
end_of_record
TN:
SF:G:\Github\react-edu\src\renderer\text.ts
FN:4,RenderText
FNF:1
FNH:1
FNDA:60,RenderText
DA:2,3
DA:4,3
DA:6,60
LF:3
LH:3
BRDA:4,0,0,0
BRF:1
BRH:0
end_of_record
TN:
SF:G:\Github\react-edu\src\renderer\utility.ts
FN:1,Mount
FN:7,SetAttribute
FNF:2
FNH:2
FNDA:144,Mount
FNDA:34,SetAttribute
DA:1,3
DA:4,144
DA:7,3
DA:9,34
DA:11,18
DA:14,18
DA:16,5
DA:19,18
DA:20,18
DA:21,18
DA:22,18
DA:23,18
DA:25,16
DA:27,0
DA:29,16
DA:31,6
DA:35,10
LF:17
LH:16
BRDA:1,0,0,42
BRDA:4,1,0,90
BRDA:4,1,1,54
BRDA:9,2,0,18
BRDA:9,2,1,16
BRDA:9,3,0,34
BRDA:9,3,1,18
BRDA:14,4,0,5
BRDA:14,4,1,13
BRDA:20,5,0,18
BRDA:20,5,1,7
BRDA:25,6,0,0
BRDA:25,6,1,16
BRDA:25,7,0,16
BRDA:25,7,1,0
BRDA:29,8,0,6
BRDA:29,8,1,10
BRF:17
BRH:15
end_of_record
TN:
SF:G:\Github\react-edu\test\common\component\component.ts
FN:3,SimpleFunctionComponent
FN:8,(anonymous_1)
FN:12,(anonymous_2)
FN:19,(anonymous_3)
FN:23,(anonymous_4)
FN:29,Container
FN:55,NullComponent
FN:64,(anonymous_7)
FN:71,(anonymous_8)
FN:81,(anonymous_9)
FN:91,(anonymous_10)
FN:99,(anonymous_11)
FN:106,(anonymous_12)
FN:118,toCelsius
FN:122,toFahrenheit
FN:126,tryConvert
FN:138,BoilingVerdict
FN:147,(anonymous_17)
FN:152,(anonymous_18)
FN:156,(anonymous_19)
FN:168,(anonymous_20)
FN:178,(anonymous_21)
FN:185,(anonymous_22)
FN:192,(anonymous_23)
FN:210,FancyBorder
FN:216,Dialog
FN:223,(anonymous_26)
FN:232,(anonymous_27)
FN:244,(anonymous_28)
FN:250,(anonymous_29)
FNF:30
FNH:22
FNDA:1,SimpleFunctionComponent
FNDA:1,(anonymous_1)
FNDA:1,(anonymous_2)
FNDA:5,(anonymous_3)
FNDA:6,(anonymous_4)
FNDA:1,Container
FNDA:2,NullComponent
FNDA:1,(anonymous_7)
FNDA:3,(anonymous_8)
FNDA:0,(anonymous_9)
FNDA:0,(anonymous_10)
FNDA:4,(anonymous_11)
FNDA:6,(anonymous_12)
FNDA:0,toCelsius
FNDA:1,toFahrenheit
FNDA:2,tryConvert
FNDA:0,BoilingVerdict
FNDA:2,(anonymous_17)
FNDA:0,(anonymous_18)
FNDA:4,(anonymous_19)
FNDA:1,(anonymous_20)
FNDA:1,(anonymous_21)
FNDA:0,(anonymous_22)
FNDA:2,(anonymous_23)
FNDA:1,FancyBorder
FNDA:1,Dialog
FNDA:1,(anonymous_26)
FNDA:1,(anonymous_27)
FNDA:0,(anonymous_28)
FNDA:0,(anonymous_29)
DA:1,3
DA:4,1
DA:9,1
DA:13,1
DA:20,5
DA:24,6
DA:30,1
DA:33,3
DA:39,3
DA:48,3
DA:49,3
DA:53,3
DA:56,2
DA:59,3
DA:60,3
DA:61,3
DA:65,1
DA:66,1
DA:72,3
DA:73,3
DA:82,0
DA:83,0
DA:92,0
DA:93,0
DA:94,0
DA:100,4
DA:106,6
DA:113,3
DA:119,0
DA:123,1
DA:127,2
DA:129,2
DA:130,1
DA:133,1
DA:134,1
DA:135,1
DA:139,0
DA:140,0
DA:143,0
DA:148,2
DA:149,2
DA:153,0
DA:157,4
DA:158,4
DA:159,4
DA:169,1
DA:170,1
DA:171,1
DA:172,1
DA:179,1
DA:186,0
DA:193,2
DA:194,2
DA:195,2
DA:196,2
DA:197,2
DA:211,1
DA:217,1
DA:224,1
DA:225,1
DA:226,1
DA:227,1
DA:233,1
DA:245,0
DA:251,0
DA:256,3
LF:66
LH:53
BRDA:129,0,0,1
BRDA:129,0,1,1
BRDA:139,1,0,0
BRDA:139,1,1,0
BRDA:195,2,0,0
BRDA:195,2,1,2
BRDA:196,3,0,2
BRDA:196,3,1,0
BRF:8
BRH:4
end_of_record
