<?xml version="1.0" encoding="UTF-8"?>
<coverage generated="1549590685708" clover="3.2.0">
  <project timestamp="1549590685708" name="All files">
    <metrics statements="245" coveredstatements="240" conditionals="80" coveredconditionals="67" methods="80" coveredmethods="78" elements="405" coveredelements="385" complexity="0" loc="245" ncloc="245" packages="8" files="13" classes="13">
      <package name="src">
        <metrics statements="10" coveredstatements="10" conditionals="0" coveredconditionals="0" methods="0" coveredmethods="0"/>
        <file name="index.ts" path="G:\Github\layout-edu\src\index.ts">
          <metrics statements="10" coveredstatements="10" conditionals="0" coveredconditionals="0" methods="0" coveredmethods="0"/>
          <line num="2" count="7" type="stmt"/>
          <line num="3" count="7" type="stmt"/>
          <line num="4" count="7" type="stmt"/>
          <line num="5" count="7" type="stmt"/>
          <line num="6" count="7" type="stmt"/>
          <line num="7" count="7" type="stmt"/>
          <line num="8" count="7" type="stmt"/>
          <line num="9" count="7" type="stmt"/>
          <line num="10" count="7" type="stmt"/>
          <line num="11" count="7" type="stmt"/>
        </file>
      </package>
      <package name="src.common">
        <metrics statements="32" coveredstatements="28" conditionals="22" coveredconditionals="17" methods="9" coveredmethods="8"/>
        <file name="utility.ts" path="G:\Github\layout-edu\src\common\utility.ts">
          <metrics statements="32" coveredstatements="28" conditionals="22" coveredconditionals="17" methods="9" coveredmethods="8"/>
          <line num="2" count="8" type="stmt"/>
          <line num="3" count="8" type="stmt"/>
          <line num="5" count="8" type="stmt"/>
          <line num="7" count="0" type="cond" truecount="0" falsecount="2"/>
          <line num="8" count="0" type="cond" truecount="0" falsecount="2"/>
          <line num="9" count="0" type="stmt"/>
          <line num="12" count="8" type="stmt"/>
          <line num="14" count="15" type="stmt"/>
          <line num="16" count="15" type="cond" truecount="2" falsecount="0"/>
          <line num="19" count="8" type="stmt"/>
          <line num="21" count="133" type="stmt"/>
          <line num="23" count="133" type="cond" truecount="4" falsecount="0"/>
          <line num="25" count="32" type="stmt"/>
          <line num="28" count="101" type="cond" truecount="4" falsecount="0"/>
          <line num="30" count="9" type="stmt"/>
          <line num="33" count="92" type="cond" truecount="4" falsecount="0"/>
          <line num="35" count="62" type="stmt"/>
          <line num="38" count="30" type="stmt"/>
          <line num="41" count="8" type="stmt"/>
          <line num="43" count="16" type="stmt"/>
          <line num="45" count="16" type="stmt"/>
          <line num="46" count="16" type="stmt"/>
          <line num="48" count="17" type="stmt"/>
          <line num="51" count="4" type="stmt"/>
          <line num="52" count="4" type="stmt"/>
          <line num="55" count="8" type="stmt"/>
          <line num="56" count="8" type="stmt"/>
          <line num="59" count="5" type="stmt"/>
          <line num="60" count="5" type="stmt"/>
          <line num="63" count="0" type="stmt"/>
          <line num="66" count="16" type="stmt"/>
          <line num="71" count="149" type="stmt"/>
        </file>
      </package>
      <package name="src.pipeline.layout-tree">
        <metrics statements="71" coveredstatements="71" conditionals="27" coveredconditionals="26" methods="23" coveredmethods="23"/>
        <file name="layout-tree.ts" path="G:\Github\layout-edu\src\pipeline\layout-tree\layout-tree.ts">
          <metrics statements="51" coveredstatements="51" conditionals="12" coveredconditionals="11" methods="15" coveredmethods="15"/>
          <line num="1" count="8" type="stmt"/>
          <line num="2" count="8" type="stmt"/>
          <line num="22" count="8" type="stmt"/>
          <line num="31" count="25" type="stmt"/>
          <line num="32" count="25" type="stmt"/>
          <line num="33" count="25" type="stmt"/>
          <line num="34" count="25" type="stmt"/>
          <line num="39" count="20" type="cond" truecount="1" falsecount="1"/>
          <line num="41" count="20" type="stmt"/>
          <line num="47" count="20" type="stmt"/>
          <line num="48" count="20" type="stmt"/>
          <line num="49" count="20" type="stmt"/>
          <line num="50" count="20" type="stmt"/>
          <line num="55" count="20" type="stmt"/>
          <line num="56" count="20" type="cond" truecount="2" falsecount="0"/>
          <line num="58" count="8" type="stmt"/>
          <line num="64" count="20" type="stmt"/>
          <line num="65" count="20" type="stmt"/>
          <line num="67" count="15" type="stmt"/>
          <line num="68" count="15" type="stmt"/>
          <line num="74" count="21" type="stmt"/>
          <line num="75" count="21" type="stmt"/>
          <line num="78" count="21" type="stmt"/>
          <line num="79" count="21" type="stmt"/>
          <line num="84" count="21" type="stmt"/>
          <line num="85" count="21" type="stmt"/>
          <line num="88" count="21" type="stmt"/>
          <line num="89" count="21" type="stmt"/>
          <line num="90" count="21" type="cond" truecount="2" falsecount="0"/>
          <line num="92" count="4" type="stmt"/>
          <line num="96" count="17" type="stmt"/>
          <line num="100" count="17" type="stmt"/>
          <line num="103" count="21" type="stmt"/>
          <line num="108" count="21" type="stmt"/>
          <line num="109" count="21" type="stmt"/>
          <line num="112" count="21" type="stmt"/>
          <line num="113" count="21" type="stmt"/>
          <line num="118" count="21" type="stmt"/>
          <line num="119" count="21" type="stmt"/>
          <line num="122" count="21" type="stmt"/>
          <line num="123" count="21" type="stmt"/>
          <line num="127" count="8" type="stmt"/>
          <line num="133" count="4" type="stmt"/>
          <line num="134" count="4" type="stmt"/>
          <line num="139" count="17" type="stmt"/>
          <line num="140" count="17" type="stmt"/>
          <line num="142" count="13" type="stmt"/>
          <line num="144" count="17" type="stmt"/>
          <line num="149" count="3" type="stmt"/>
          <line num="154" count="3" type="stmt"/>
          <line num="159" count="12" type="stmt"/>
        </file>
        <file name="type.ts" path="G:\Github\layout-edu\src\pipeline\layout-tree\type.ts">
          <metrics statements="20" coveredstatements="20" conditionals="15" coveredconditionals="15" methods="8" coveredmethods="8"/>
          <line num="20" count="8" type="stmt"/>
          <line num="29" count="37" type="stmt"/>
          <line num="30" count="37" type="stmt"/>
          <line num="31" count="37" type="stmt"/>
          <line num="32" count="37" type="stmt"/>
          <line num="37" count="28" type="stmt"/>
          <line num="42" count="28" type="stmt"/>
          <line num="47" count="15" type="stmt"/>
          <line num="52" count="3" type="stmt"/>
          <line num="67" count="8" type="stmt"/>
          <line num="76" count="108" type="stmt"/>
          <line num="77" count="108" type="stmt"/>
          <line num="78" count="108" type="stmt"/>
          <line num="79" count="108" type="stmt"/>
          <line num="93" count="8" type="stmt"/>
          <line num="102" count="99" type="stmt"/>
          <line num="103" count="99" type="stmt"/>
          <line num="104" count="99" type="stmt"/>
          <line num="105" count="99" type="stmt"/>
          <line num="110" count="71" type="stmt"/>
        </file>
      </package>
      <package name="src.pipeline.raw">
        <metrics statements="16" coveredstatements="16" conditionals="2" coveredconditionals="2" methods="12" coveredmethods="12"/>
        <file name="dom.ts" path="G:\Github\layout-edu\src\pipeline\raw\dom.ts">
          <metrics statements="4" coveredstatements="4" conditionals="0" coveredconditionals="0" methods="2" coveredmethods="2"/>
          <line num="1" count="8" type="stmt"/>
          <line num="3" count="8" type="stmt"/>
          <line num="9" count="7" type="stmt"/>
          <line num="14" count="12" type="stmt"/>
        </file>
        <file name="style-sheet.ts" path="G:\Github\layout-edu\src\pipeline\raw\style-sheet.ts">
          <metrics statements="12" coveredstatements="12" conditionals="2" coveredconditionals="2" methods="10" coveredmethods="10"/>
          <line num="1" count="8" type="stmt"/>
          <line num="3" count="8" type="stmt"/>
          <line num="5" count="8" type="stmt"/>
          <line num="11" count="6" type="stmt"/>
          <line num="16" count="24" type="stmt"/>
          <line num="19" count="24" type="stmt"/>
          <line num="21" count="24" type="stmt"/>
          <line num="23" count="25" type="stmt"/>
          <line num="25" count="59" type="stmt"/>
          <line num="29" count="24" type="stmt"/>
          <line num="34" count="106" type="stmt"/>
          <line num="39" count="130" type="cond" truecount="2" falsecount="0"/>
        </file>
      </package>
      <package name="src.pipeline.rendering">
        <metrics statements="68" coveredstatements="68" conditionals="13" coveredconditionals="8" methods="15" coveredmethods="15"/>
        <file name="canvas.ts" path="G:\Github\layout-edu\src\pipeline\rendering\canvas.ts">
          <metrics statements="21" coveredstatements="21" conditionals="5" coveredconditionals="1" methods="5" coveredmethods="5"/>
          <line num="3" count="8" type="stmt"/>
          <line num="4" count="8" type="stmt"/>
          <line num="14" count="8" type="stmt"/>
          <line num="22" count="5" type="stmt"/>
          <line num="23" count="5" type="stmt"/>
          <line num="24" count="355125" type="stmt"/>
          <line num="29" count="15" type="cond" truecount="1" falsecount="1"/>
          <line num="31" count="15" type="stmt"/>
          <line num="32" count="15" type="stmt"/>
          <line num="34" count="15" type="stmt"/>
          <line num="36" count="1342" type="stmt"/>
          <line num="38" count="433163" type="stmt"/>
          <line num="40" count="433163" type="stmt"/>
          <line num="41" count="433163" type="stmt"/>
          <line num="42" count="433163" type="stmt"/>
          <line num="43" count="433163" type="stmt"/>
          <line num="51" count="5" type="stmt"/>
          <line num="53" count="5" type="stmt"/>
          <line num="55" count="824" type="stmt"/>
          <line num="57" count="355125" type="stmt"/>
          <line num="61" count="5" type="stmt"/>
        </file>
        <file name="display-list.ts" path="G:\Github\layout-edu\src\pipeline\rendering\display-list.ts">
          <metrics statements="10" coveredstatements="10" conditionals="2" coveredconditionals="2" methods="3" coveredmethods="3"/>
          <line num="20" count="17" type="stmt"/>
          <line num="22" count="17" type="cond" truecount="2" falsecount="0"/>
          <line num="24" count="13" type="stmt"/>
          <line num="34" count="17" type="stmt"/>
          <line num="38" count="17" type="stmt"/>
          <line num="40" count="13" type="stmt"/>
          <line num="44" count="8" type="stmt"/>
          <line num="46" count="4" type="stmt"/>
          <line num="47" count="4" type="stmt"/>
          <line num="48" count="4" type="stmt"/>
        </file>
        <file name="image.ts" path="G:\Github\layout-edu\src\pipeline\rendering\image.ts">
          <metrics statements="17" coveredstatements="17" conditionals="6" coveredconditionals="5" methods="6" coveredmethods="6"/>
          <line num="2" count="8" type="stmt"/>
          <line num="3" count="8" type="stmt"/>
          <line num="7" count="8" type="stmt"/>
          <line num="13" count="9" type="cond" truecount="2" falsecount="0"/>
          <line num="15" count="6" type="stmt"/>
          <line num="19" count="3" type="stmt"/>
          <line num="25" count="355127" type="stmt"/>
          <line num="27" count="355127" type="stmt"/>
          <line num="28" count="355127" type="stmt"/>
          <line num="29" count="355127" type="stmt"/>
          <line num="30" count="355127" type="stmt"/>
          <line num="35" count="9281" type="stmt"/>
          <line num="37" count="9281" type="stmt"/>
          <line num="47" count="6" type="stmt"/>
          <line num="48" count="6" type="stmt"/>
          <line num="53" count="9431" type="stmt"/>
          <line num="58" count="153" type="stmt"/>
        </file>
        <file name="renderer.ts" path="G:\Github\layout-edu\src\pipeline\rendering\renderer.ts">
          <metrics statements="20" coveredstatements="20" conditionals="0" coveredconditionals="0" methods="1" coveredmethods="1"/>
          <line num="2" count="1" type="stmt"/>
          <line num="3" count="1" type="stmt"/>
          <line num="4" count="1" type="stmt"/>
          <line num="5" count="1" type="stmt"/>
          <line num="6" count="1" type="stmt"/>
          <line num="7" count="1" type="stmt"/>
          <line num="8" count="1" type="stmt"/>
          <line num="10" count="1" type="stmt"/>
          <line num="12" count="3" type="stmt"/>
          <line num="13" count="3" type="stmt"/>
          <line num="14" count="3" type="stmt"/>
          <line num="15" count="3" type="stmt"/>
          <line num="17" count="3" type="stmt"/>
          <line num="18" count="3" type="stmt"/>
          <line num="20" count="3" type="stmt"/>
          <line num="21" count="3" type="stmt"/>
          <line num="23" count="3" type="stmt"/>
          <line num="25" count="11" type="stmt"/>
          <line num="27" count="3" type="stmt"/>
          <line num="28" count="3" type="stmt"/>
        </file>
      </package>
      <package name="src.pipeline.style-tree">
        <metrics statements="23" coveredstatements="22" conditionals="14" coveredconditionals="12" methods="11" coveredmethods="10"/>
        <file name="style-tree.ts" path="G:\Github\layout-edu\src\pipeline\style-tree\style-tree.ts">
          <metrics statements="23" coveredstatements="22" conditionals="14" coveredconditionals="12" methods="11" coveredmethods="10"/>
          <line num="21" count="8" type="stmt"/>
          <line num="29" count="31" type="stmt"/>
          <line num="30" count="31" type="stmt"/>
          <line num="31" count="31" type="stmt"/>
          <line num="36" count="168" type="stmt"/>
          <line num="38" count="430" type="cond" truecount="2" falsecount="0"/>
          <line num="40" count="323" type="stmt"/>
          <line num="41" count="323" type="cond" truecount="2" falsecount="0"/>
          <line num="43" count="61" type="stmt"/>
          <line num="48" count="107" type="stmt"/>
          <line num="55" count="381" type="cond" truecount="2" falsecount="0"/>
          <line num="60" count="0" type="cond" truecount="0" falsecount="2"/>
          <line num="64" count="8" type="stmt"/>
          <line num="70" count="6" type="stmt"/>
          <line num="75" count="8" type="stmt"/>
          <line num="80" count="3" type="stmt"/>
          <line num="81" count="3" type="stmt"/>
          <line num="83" count="2" type="stmt"/>
          <line num="89" count="23" type="stmt"/>
          <line num="90" count="23" type="stmt"/>
          <line num="92" count="17" type="stmt"/>
          <line num="94" count="23" type="stmt"/>
          <line num="99" count="3" type="stmt"/>
        </file>
      </package>
      <package name="src.png2html">
        <metrics statements="17" coveredstatements="17" conditionals="2" coveredconditionals="2" methods="8" coveredmethods="8"/>
        <file name="png-to-html.ts" path="G:\Github\layout-edu\src\png2html\png-to-html.ts">
          <metrics statements="17" coveredstatements="17" conditionals="2" coveredconditionals="2" methods="8" coveredmethods="8"/>
          <line num="12" count="18562" type="stmt"/>
          <line num="17" count="9281" type="stmt"/>
          <line num="22" count="9281" type="stmt"/>
          <line num="27" count="9281" type="stmt"/>
          <line num="32" count="9281" type="stmt"/>
          <line num="37" count="3" type="stmt"/>
          <line num="42" count="9281" type="cond" truecount="2" falsecount="0"/>
          <line num="51" count="7" type="stmt"/>
          <line num="53" count="3" type="stmt"/>
          <line num="54" count="3" type="stmt"/>
          <line num="56" count="3" type="stmt"/>
          <line num="58" count="150" type="stmt"/>
          <line num="60" count="9281" type="stmt"/>
          <line num="61" count="9281" type="stmt"/>
          <line num="63" count="9281" type="stmt"/>
          <line num="64" count="9281" type="stmt"/>
          <line num="69" count="3" type="stmt"/>
        </file>
      </package>
      <package name="test.common">
        <metrics statements="8" coveredstatements="8" conditionals="0" coveredconditionals="0" methods="2" coveredmethods="2"/>
        <file name="utility.ts" path="G:\Github\layout-edu\test\common\utility.ts">
          <metrics statements="8" coveredstatements="8" conditionals="0" coveredconditionals="0" methods="2" coveredmethods="2"/>
          <line num="1" count="1" type="stmt"/>
          <line num="2" count="1" type="stmt"/>
          <line num="4" count="1" type="stmt"/>
          <line num="6" count="2" type="stmt"/>
          <line num="7" count="2" type="stmt"/>
          <line num="8" count="2" type="stmt"/>
          <line num="11" count="1" type="stmt"/>
          <line num="13" count="4" type="stmt"/>
        </file>
      </package>
    </metrics>
  </project>
</coverage>
