{"G:\\Github\\layout-edu\\src\\index.ts": {"path":"G:\\Github\\layout-edu\\src\\index.ts","statementMap":{"0":{"start":{"line":2,"column":0},"end":{"line":2,"column":33}},"1":{"start":{"line":3,"column":0},"end":{"line":3,"column":49}},"2":{"start":{"line":4,"column":0},"end":{"line":4,"column":51}},"3":{"start":{"line":5,"column":0},"end":{"line":5,"column":44}},"4":{"start":{"line":6,"column":0},"end":{"line":6,"column":43}},"5":{"start":{"line":7,"column":0},"end":{"line":7,"column":35}},"6":{"start":{"line":8,"column":0},"end":{"line":8,"column":44}},"7":{"start":{"line":9,"column":0},"end":{"line":9,"column":50}},"8":{"start":{"line":10,"column":0},"end":{"line":10,"column":43}},"9":{"start":{"line":11,"column":0},"end":{"line":11,"column":39}}},"fnMap":{},"branchMap":{},"s":{"0":7,"1":7,"2":7,"3":7,"4":7,"5":7,"6":7,"7":7,"8":7,"9":7},"f":{},"b":{}}
,"G:\\Github\\layout-edu\\src\\common\\utility.ts": {"path":"G:\\Github\\layout-edu\\src\\common\\utility.ts","statementMap":{"0":{"start":{"line":2,"column":0},"end":{"line":2,"column":51}},"1":{"start":{"line":3,"column":0},"end":{"line":3,"column":30}},"2":{"start":{"line":7,"column":4},"end":{"line":7,"column":32}},"3":{"start":{"line":7,"column":21},"end":{"line":7,"column":32}},"4":{"start":{"line":8,"column":4},"end":{"line":8,"column":28}},"5":{"start":{"line":8,"column":19},"end":{"line":8,"column":28}},"6":{"start":{"line":9,"column":4},"end":{"line":9,"column":17}},"7":{"start":{"line":5,"column":0},"end":{"line":10,"column":1}},"8":{"start":{"line":14,"column":18},"end":{"line":14,"column":43}},"9":{"start":{"line":16,"column":4},"end":{"line":16,"column":73}},"10":{"start":{"line":12,"column":0},"end":{"line":17,"column":1}},"11":{"start":{"line":21,"column":23},"end":{"line":21,"column":41}},"12":{"start":{"line":23,"column":4},"end":{"line":26,"column":5}},"13":{"start":{"line":23,"column":35},"end":{"line":23,"column":93}},"14":{"start":{"line":25,"column":8},"end":{"line":25,"column":21}},"15":{"start":{"line":28,"column":4},"end":{"line":31,"column":5}},"16":{"start":{"line":28,"column":35},"end":{"line":28,"column":69}},"17":{"start":{"line":30,"column":8},"end":{"line":30,"column":21}},"18":{"start":{"line":33,"column":4},"end":{"line":36,"column":5}},"19":{"start":{"line":33,"column":35},"end":{"line":33,"column":79}},"20":{"start":{"line":35,"column":8},"end":{"line":35,"column":21}},"21":{"start":{"line":38,"column":4},"end":{"line":38,"column":16}},"22":{"start":{"line":19,"column":0},"end":{"line":39,"column":1}},"23":{"start":{"line":43,"column":23},"end":{"line":43,"column":41}},"24":{"start":{"line":45,"column":22},"end":{"line":45,"column":23}},"25":{"start":{"line":46,"column":4},"end":{"line":65,"column":7}},"26":{"start":{"line":48,"column":8},"end":{"line":64,"column":9}},"27":{"start":{"line":51,"column":16},"end":{"line":51,"column":35}},"28":{"start":{"line":52,"column":16},"end":{"line":52,"column":22}},"29":{"start":{"line":55,"column":16},"end":{"line":55,"column":34}},"30":{"start":{"line":56,"column":16},"end":{"line":56,"column":22}},"31":{"start":{"line":59,"column":16},"end":{"line":59,"column":33}},"32":{"start":{"line":60,"column":16},"end":{"line":60,"column":22}},"33":{"start":{"line":63,"column":16},"end":{"line":63,"column":22}},"34":{"start":{"line":66,"column":4},"end":{"line":66,"column":23}},"35":{"start":{"line":41,"column":0},"end":{"line":67,"column":1}},"36":{"start":{"line":71,"column":4},"end":{"line":71,"column":50}}},"fnMap":{"0":{"name":"Clamp","decl":{"start":{"line":5,"column":16},"end":{"line":5,"column":21}},"loc":{"start":{"line":5,"column":35},"end":{"line":10,"column":1}}},"1":{"name":"ToColor","decl":{"start":{"line":12,"column":16},"end":{"line":12,"column":23}},"loc":{"start":{"line":12,"column":41},"end":{"line":17,"column":1}}},"2":{"name":"MatchSelector","decl":{"start":{"line":19,"column":16},"end":{"line":19,"column":29}},"loc":{"start":{"line":19,"column":62},"end":{"line":39,"column":1}}},"3":{"name":"(anonymous_3)","decl":{"start":{"line":23,"column":30},"end":{"line":23,"column":31}},"loc":{"start":{"line":23,"column":35},"end":{"line":23,"column":93}}},"4":{"name":"(anonymous_4)","decl":{"start":{"line":28,"column":30},"end":{"line":28,"column":31}},"loc":{"start":{"line":28,"column":35},"end":{"line":28,"column":69}}},"5":{"name":"(anonymous_5)","decl":{"start":{"line":33,"column":30},"end":{"line":33,"column":31}},"loc":{"start":{"line":33,"column":35},"end":{"line":33,"column":79}}},"6":{"name":"Specificity","decl":{"start":{"line":41,"column":16},"end":{"line":41,"column":27}},"loc":{"start":{"line":41,"column":44},"end":{"line":67,"column":1}}},"7":{"name":"(anonymous_7)","decl":{"start":{"line":46,"column":29},"end":{"line":46,"column":32}},"loc":{"start":{"line":46,"column":36},"end":{"line":65,"column":5}}},"8":{"name":"Selector","decl":{"start":{"line":69,"column":9},"end":{"line":69,"column":17}},"loc":{"start":{"line":69,"column":38},"end":{"line":72,"column":1}}}},"branchMap":{"0":{"loc":{"start":{"line":7,"column":4},"end":{"line":7,"column":32}},"type":"if","locations":[{"start":{"line":7,"column":4},"end":{"line":7,"column":32}},{"start":{"line":7,"column":4},"end":{"line":7,"column":32}}]},"1":{"loc":{"start":{"line":8,"column":4},"end":{"line":8,"column":28}},"type":"if","locations":[{"start":{"line":8,"column":4},"end":{"line":8,"column":28}},{"start":{"line":8,"column":4},"end":{"line":8,"column":28}}]},"2":{"loc":{"start":{"line":16,"column":16},"end":{"line":16,"column":27}},"type":"binary-expr","locations":[{"start":{"line":16,"column":16},"end":{"line":16,"column":27}},{"start":{"line":16,"column":31},"end":{"line":16,"column":34}}]},"3":{"loc":{"start":{"line":23,"column":4},"end":{"line":26,"column":5}},"type":"if","locations":[{"start":{"line":23,"column":4},"end":{"line":26,"column":5}},{"start":{"line":23,"column":4},"end":{"line":26,"column":5}}]},"4":{"loc":{"start":{"line":23,"column":35},"end":{"line":23,"column":55}},"type":"binary-expr","locations":[{"start":{"line":23,"column":35},"end":{"line":23,"column":55}},{"start":{"line":23,"column":59},"end":{"line":23,"column":93}}]},"5":{"loc":{"start":{"line":28,"column":4},"end":{"line":31,"column":5}},"type":"if","locations":[{"start":{"line":28,"column":4},"end":{"line":31,"column":5}},{"start":{"line":28,"column":4},"end":{"line":31,"column":5}}]},"6":{"loc":{"start":{"line":28,"column":35},"end":{"line":28,"column":50}},"type":"binary-expr","locations":[{"start":{"line":28,"column":35},"end":{"line":28,"column":50}},{"start":{"line":28,"column":54},"end":{"line":28,"column":69}}]},"7":{"loc":{"start":{"line":33,"column":4},"end":{"line":36,"column":5}},"type":"if","locations":[{"start":{"line":33,"column":4},"end":{"line":36,"column":5}},{"start":{"line":33,"column":4},"end":{"line":36,"column":5}}]},"8":{"loc":{"start":{"line":33,"column":35},"end":{"line":33,"column":53}},"type":"binary-expr","locations":[{"start":{"line":33,"column":35},"end":{"line":33,"column":53}},{"start":{"line":33,"column":57},"end":{"line":33,"column":79}}]},"9":{"loc":{"start":{"line":50,"column":12},"end":{"line":52,"column":22}},"type":"switch","locations":[{"start":{"line":50,"column":12},"end":{"line":52,"column":22}},{"start":{"line":54,"column":12},"end":{"line":56,"column":22}},{"start":{"line":58,"column":12},"end":{"line":60,"column":22}},{"start":{"line":62,"column":12},"end":{"line":63,"column":22}}]}},"s":{"0":8,"1":8,"2":0,"3":0,"4":0,"5":0,"6":0,"7":8,"8":15,"9":15,"10":8,"11":133,"12":133,"13":133,"14":32,"15":101,"16":101,"17":9,"18":92,"19":92,"20":62,"21":30,"22":8,"23":16,"24":16,"25":16,"26":17,"27":4,"28":4,"29":8,"30":8,"31":5,"32":5,"33":0,"34":16,"35":8,"36":149},"f":{"0":0,"1":15,"2":133,"3":133,"4":101,"5":92,"6":16,"7":17,"8":149},"b":{"0":[0,0],"1":[0,0],"2":[15,11],"3":[32,101],"4":[133,38],"5":[9,92],"6":[101,13],"7":[62,30],"8":[92,82],"9":[4,8,5,0]}}
,"G:\\Github\\layout-edu\\src\\pipeline\\layout-tree\\layout-tree.ts": {"path":"G:\\Github\\layout-edu\\src\\pipeline\\layout-tree\\layout-tree.ts","statementMap":{"0":{"start":{"line":1,"column":0},"end":{"line":1,"column":46}},"1":{"start":{"line":2,"column":0},"end":{"line":2,"column":75}},"2":{"start":{"line":31,"column":8},"end":{"line":31,"column":25}},"3":{"start":{"line":32,"column":8},"end":{"line":32,"column":35}},"4":{"start":{"line":33,"column":8},"end":{"line":33,"column":33}},"5":{"start":{"line":34,"column":8},"end":{"line":34,"column":27}},"6":{"start":{"line":39,"column":8},"end":{"line":42,"column":9}},"7":{"start":{"line":41,"column":12},"end":{"line":41,"column":47}},"8":{"start":{"line":47,"column":8},"end":{"line":47,"column":51}},"9":{"start":{"line":48,"column":8},"end":{"line":48,"column":54}},"10":{"start":{"line":49,"column":8},"end":{"line":49,"column":35}},"11":{"start":{"line":50,"column":8},"end":{"line":50,"column":36}},"12":{"start":{"line":55,"column":33},"end":{"line":55,"column":59}},"13":{"start":{"line":56,"column":8},"end":{"line":59,"column":9}},"14":{"start":{"line":58,"column":12},"end":{"line":58,"column":71}},"15":{"start":{"line":64,"column":33},"end":{"line":64,"column":47}},"16":{"start":{"line":65,"column":8},"end":{"line":69,"column":9}},"17":{"start":{"line":67,"column":12},"end":{"line":67,"column":43}},"18":{"start":{"line":68,"column":12},"end":{"line":68,"column":82}},"19":{"start":{"line":74,"column":22},"end":{"line":74,"column":32}},"20":{"start":{"line":75,"column":26},"end":{"line":75,"column":40}},"21":{"start":{"line":78,"column":8},"end":{"line":78,"column":85}},"22":{"start":{"line":79,"column":8},"end":{"line":79,"column":87}},"23":{"start":{"line":84,"column":8},"end":{"line":84,"column":88}},"24":{"start":{"line":85,"column":8},"end":{"line":85,"column":90}},"25":{"start":{"line":88,"column":20},"end":{"line":88,"column":21}},"26":{"start":{"line":89,"column":32},"end":{"line":89,"column":52}},"27":{"start":{"line":90,"column":8},"end":{"line":101,"column":9}},"28":{"start":{"line":92,"column":12},"end":{"line":92,"column":46}},"29":{"start":{"line":96,"column":26},"end":{"line":98,"column":66}},"30":{"start":{"line":100,"column":12},"end":{"line":100,"column":59}},"31":{"start":{"line":103,"column":8},"end":{"line":103,"column":45}},"32":{"start":{"line":108,"column":22},"end":{"line":108,"column":32}},"33":{"start":{"line":109,"column":26},"end":{"line":109,"column":40}},"34":{"start":{"line":112,"column":8},"end":{"line":112,"column":83}},"35":{"start":{"line":113,"column":8},"end":{"line":113,"column":89}},"36":{"start":{"line":118,"column":8},"end":{"line":118,"column":86}},"37":{"start":{"line":119,"column":8},"end":{"line":119,"column":92}},"38":{"start":{"line":122,"column":8},"end":{"line":122,"column":130}},"39":{"start":{"line":123,"column":8},"end":{"line":123,"column":161}},"40":{"start":{"line":22,"column":0},"end":{"line":125,"column":1}},"41":{"start":{"line":133,"column":8},"end":{"line":133,"column":65}},"42":{"start":{"line":134,"column":8},"end":{"line":134,"column":53}},"43":{"start":{"line":139,"column":8},"end":{"line":139,"column":98}},"44":{"start":{"line":139,"column":64},"end":{"line":139,"column":96}},"45":{"start":{"line":140,"column":8},"end":{"line":143,"column":11}},"46":{"start":{"line":142,"column":12},"end":{"line":142,"column":58}},"47":{"start":{"line":144,"column":8},"end":{"line":144,"column":27}},"48":{"start":{"line":149,"column":8},"end":{"line":149,"column":120}},"49":{"start":{"line":149,"column":98},"end":{"line":149,"column":116}},"50":{"start":{"line":154,"column":8},"end":{"line":154,"column":43}},"51":{"start":{"line":159,"column":8},"end":{"line":159,"column":27}},"52":{"start":{"line":127,"column":0},"end":{"line":161,"column":1}}},"fnMap":{"0":{"name":"(anonymous_0)","decl":{"start":{"line":29,"column":4},"end":{"line":29,"column":22}},"loc":{"start":{"line":29,"column":211},"end":{"line":35,"column":5}}},"1":{"name":"(anonymous_1)","decl":{"start":{"line":37,"column":11},"end":{"line":37,"column":16}},"loc":{"start":{"line":37,"column":46},"end":{"line":43,"column":5}}},"2":{"name":"(anonymous_2)","decl":{"start":{"line":45,"column":12},"end":{"line":45,"column":22}},"loc":{"start":{"line":45,"column":52},"end":{"line":51,"column":5}}},"3":{"name":"(anonymous_3)","decl":{"start":{"line":53,"column":12},"end":{"line":53,"column":31}},"loc":{"start":{"line":53,"column":32},"end":{"line":60,"column":5}}},"4":{"name":"(anonymous_4)","decl":{"start":{"line":62,"column":12},"end":{"line":62,"column":30}},"loc":{"start":{"line":62,"column":31},"end":{"line":70,"column":5}}},"5":{"name":"(anonymous_5)","decl":{"start":{"line":72,"column":11},"end":{"line":72,"column":29}},"loc":{"start":{"line":72,"column":59},"end":{"line":104,"column":5}}},"6":{"name":"(anonymous_6)","decl":{"start":{"line":106,"column":11},"end":{"line":106,"column":32}},"loc":{"start":{"line":106,"column":62},"end":{"line":124,"column":5}}},"7":{"name":"(anonymous_7)","decl":{"start":{"line":131,"column":4},"end":{"line":131,"column":22}},"loc":{"start":{"line":131,"column":44},"end":{"line":135,"column":5}}},"8":{"name":"(anonymous_8)","decl":{"start":{"line":137,"column":12},"end":{"line":137,"column":20}},"loc":{"start":{"line":137,"column":70},"end":{"line":145,"column":5}}},"9":{"name":"(anonymous_9)","decl":{"start":{"line":139,"column":55},"end":{"line":139,"column":59}},"loc":{"start":{"line":139,"column":64},"end":{"line":139,"column":96}}},"10":{"name":"(anonymous_10)","decl":{"start":{"line":140,"column":37},"end":{"line":140,"column":38}},"loc":{"start":{"line":140,"column":50},"end":{"line":143,"column":9}}},"11":{"name":"(anonymous_11)","decl":{"start":{"line":147,"column":11},"end":{"line":147,"column":16}},"loc":{"start":{"line":147,"column":36},"end":{"line":150,"column":5}}},"12":{"name":"(anonymous_12)","decl":{"start":{"line":149,"column":89},"end":{"line":149,"column":93}},"loc":{"start":{"line":149,"column":98},"end":{"line":149,"column":116}}},"13":{"name":"(anonymous_13)","decl":{"start":{"line":152,"column":11},"end":{"line":152,"column":16}},"loc":{"start":{"line":152,"column":46},"end":{"line":155,"column":5}}},"14":{"name":"(anonymous_14)","decl":{"start":{"line":157,"column":4},"end":{"line":157,"column":7}},"loc":{"start":{"line":157,"column":12},"end":{"line":160,"column":5}}}},"branchMap":{"0":{"loc":{"start":{"line":29,"column":209},"end":{"line":29,"column":211}},"type":"default-arg","locations":[{"start":{"line":29,"column":209},"end":{"line":29,"column":211}}]},"1":{"loc":{"start":{"line":29,"column":32},"end":{"line":29,"column":39}},"type":"default-arg","locations":[{"start":{"line":29,"column":32},"end":{"line":29,"column":39}}]},"2":{"loc":{"start":{"line":29,"column":53},"end":{"line":29,"column":68}},"type":"default-arg","locations":[{"start":{"line":29,"column":53},"end":{"line":29,"column":68}}]},"3":{"loc":{"start":{"line":29,"column":81},"end":{"line":29,"column":83}},"type":"default-arg","locations":[{"start":{"line":29,"column":81},"end":{"line":29,"column":83}}]},"4":{"loc":{"start":{"line":29,"column":93},"end":{"line":29,"column":108}},"type":"default-arg","locations":[{"start":{"line":29,"column":93},"end":{"line":29,"column":108}}]},"5":{"loc":{"start":{"line":39,"column":8},"end":{"line":42,"column":9}},"type":"if","locations":[{"start":{"line":39,"column":8},"end":{"line":42,"column":9}},{"start":{"line":39,"column":8},"end":{"line":42,"column":9}}]},"6":{"loc":{"start":{"line":56,"column":8},"end":{"line":59,"column":9}},"type":"if","locations":[{"start":{"line":56,"column":8},"end":{"line":59,"column":9}},{"start":{"line":56,"column":8},"end":{"line":59,"column":9}}]},"7":{"loc":{"start":{"line":90,"column":8},"end":{"line":101,"column":9}},"type":"if","locations":[{"start":{"line":90,"column":8},"end":{"line":101,"column":9}},{"start":{"line":90,"column":8},"end":{"line":101,"column":9}}]},"8":{"loc":{"start":{"line":147,"column":25},"end":{"line":147,"column":36}},"type":"default-arg","locations":[{"start":{"line":147,"column":25},"end":{"line":147,"column":36}}]}},"s":{"0":8,"1":8,"2":25,"3":25,"4":25,"5":25,"6":20,"7":20,"8":20,"9":20,"10":20,"11":20,"12":20,"13":20,"14":8,"15":20,"16":20,"17":15,"18":15,"19":21,"20":21,"21":21,"22":21,"23":21,"24":21,"25":21,"26":21,"27":21,"28":4,"29":17,"30":17,"31":21,"32":21,"33":21,"34":21,"35":21,"36":21,"37":21,"38":21,"39":21,"40":8,"41":4,"42":4,"43":17,"44":13,"45":17,"46":13,"47":17,"48":3,"49":2,"50":3,"51":12,"52":8},"f":{"0":25,"1":20,"2":20,"3":20,"4":20,"5":21,"6":21,"7":4,"8":17,"9":13,"10":13,"11":3,"12":2,"13":3,"14":12},"b":{"0":[2],"1":[25],"2":[25],"3":[25],"4":[2],"5":[20,0],"6":[8,12],"7":[4,17],"8":[1]}}
,"G:\\Github\\layout-edu\\src\\pipeline\\layout-tree\\type.ts": {"path":"G:\\Github\\layout-edu\\src\\pipeline\\layout-tree\\type.ts","statementMap":{"0":{"start":{"line":29,"column":8},"end":{"line":29,"column":31}},"1":{"start":{"line":30,"column":8},"end":{"line":30,"column":31}},"2":{"start":{"line":31,"column":8},"end":{"line":31,"column":29}},"3":{"start":{"line":32,"column":8},"end":{"line":32,"column":29}},"4":{"start":{"line":37,"column":8},"end":{"line":37,"column":53}},"5":{"start":{"line":42,"column":8},"end":{"line":42,"column":57}},"6":{"start":{"line":47,"column":8},"end":{"line":47,"column":56}},"7":{"start":{"line":52,"column":8},"end":{"line":55,"column":10}},"8":{"start":{"line":20,"column":0},"end":{"line":57,"column":1}},"9":{"start":{"line":76,"column":8},"end":{"line":76,"column":25}},"10":{"start":{"line":77,"column":8},"end":{"line":77,"column":27}},"11":{"start":{"line":78,"column":8},"end":{"line":78,"column":23}},"12":{"start":{"line":79,"column":8},"end":{"line":79,"column":29}},"13":{"start":{"line":67,"column":0},"end":{"line":81,"column":1}},"14":{"start":{"line":102,"column":8},"end":{"line":102,"column":19}},"15":{"start":{"line":103,"column":8},"end":{"line":103,"column":19}},"16":{"start":{"line":104,"column":8},"end":{"line":104,"column":27}},"17":{"start":{"line":105,"column":8},"end":{"line":105,"column":29}},"18":{"start":{"line":110,"column":8},"end":{"line":115,"column":10}},"19":{"start":{"line":93,"column":0},"end":{"line":117,"column":1}}},"fnMap":{"0":{"name":"(anonymous_0)","decl":{"start":{"line":27,"column":4},"end":{"line":27,"column":22}},"loc":{"start":{"line":27,"column":220},"end":{"line":33,"column":5}}},"1":{"name":"(anonymous_1)","decl":{"start":{"line":35,"column":11},"end":{"line":35,"column":20}},"loc":{"start":{"line":35,"column":21},"end":{"line":38,"column":5}}},"2":{"name":"(anonymous_2)","decl":{"start":{"line":40,"column":11},"end":{"line":40,"column":19}},"loc":{"start":{"line":40,"column":20},"end":{"line":43,"column":5}}},"3":{"name":"(anonymous_3)","decl":{"start":{"line":45,"column":11},"end":{"line":45,"column":19}},"loc":{"start":{"line":45,"column":20},"end":{"line":48,"column":5}}},"4":{"name":"(anonymous_4)","decl":{"start":{"line":50,"column":11},"end":{"line":50,"column":16}},"loc":{"start":{"line":50,"column":17},"end":{"line":56,"column":5}}},"5":{"name":"(anonymous_5)","decl":{"start":{"line":74,"column":4},"end":{"line":74,"column":22}},"loc":{"start":{"line":74,"column":138},"end":{"line":80,"column":5}}},"6":{"name":"(anonymous_6)","decl":{"start":{"line":100,"column":4},"end":{"line":100,"column":22}},"loc":{"start":{"line":100,"column":128},"end":{"line":106,"column":5}}},"7":{"name":"(anonymous_7)","decl":{"start":{"line":108,"column":11},"end":{"line":108,"column":20}},"loc":{"start":{"line":108,"column":37},"end":{"line":116,"column":5}}}},"branchMap":{"0":{"loc":{"start":{"line":27,"column":218},"end":{"line":27,"column":220}},"type":"default-arg","locations":[{"start":{"line":27,"column":218},"end":{"line":27,"column":220}}]},"1":{"loc":{"start":{"line":27,"column":35},"end":{"line":27,"column":50}},"type":"default-arg","locations":[{"start":{"line":27,"column":35},"end":{"line":27,"column":50}}]},"2":{"loc":{"start":{"line":27,"column":62},"end":{"line":27,"column":76}},"type":"default-arg","locations":[{"start":{"line":27,"column":62},"end":{"line":27,"column":76}}]},"3":{"loc":{"start":{"line":27,"column":87},"end":{"line":27,"column":101}},"type":"default-arg","locations":[{"start":{"line":27,"column":87},"end":{"line":27,"column":101}}]},"4":{"loc":{"start":{"line":27,"column":112},"end":{"line":27,"column":126}},"type":"default-arg","locations":[{"start":{"line":27,"column":112},"end":{"line":27,"column":126}}]},"5":{"loc":{"start":{"line":74,"column":136},"end":{"line":74,"column":138}},"type":"default-arg","locations":[{"start":{"line":74,"column":136},"end":{"line":74,"column":138}}]},"6":{"loc":{"start":{"line":74,"column":32},"end":{"line":74,"column":33}},"type":"default-arg","locations":[{"start":{"line":74,"column":32},"end":{"line":74,"column":33}}]},"7":{"loc":{"start":{"line":74,"column":43},"end":{"line":74,"column":44}},"type":"default-arg","locations":[{"start":{"line":74,"column":43},"end":{"line":74,"column":44}}]},"8":{"loc":{"start":{"line":74,"column":52},"end":{"line":74,"column":53}},"type":"default-arg","locations":[{"start":{"line":74,"column":52},"end":{"line":74,"column":53}}]},"9":{"loc":{"start":{"line":74,"column":64},"end":{"line":74,"column":65}},"type":"default-arg","locations":[{"start":{"line":74,"column":64},"end":{"line":74,"column":65}}]},"10":{"loc":{"start":{"line":100,"column":126},"end":{"line":100,"column":128}},"type":"default-arg","locations":[{"start":{"line":100,"column":126},"end":{"line":100,"column":128}}]},"11":{"loc":{"start":{"line":100,"column":29},"end":{"line":100,"column":30}},"type":"default-arg","locations":[{"start":{"line":100,"column":29},"end":{"line":100,"column":30}}]},"12":{"loc":{"start":{"line":100,"column":36},"end":{"line":100,"column":37}},"type":"default-arg","locations":[{"start":{"line":100,"column":36},"end":{"line":100,"column":37}}]},"13":{"loc":{"start":{"line":100,"column":47},"end":{"line":100,"column":48}},"type":"default-arg","locations":[{"start":{"line":100,"column":47},"end":{"line":100,"column":48}}]},"14":{"loc":{"start":{"line":100,"column":59},"end":{"line":100,"column":60}},"type":"default-arg","locations":[{"start":{"line":100,"column":59},"end":{"line":100,"column":60}}]}},"s":{"0":37,"1":37,"2":37,"3":37,"4":28,"5":28,"6":15,"7":3,"8":8,"9":108,"10":108,"11":108,"12":108,"13":8,"14":99,"15":99,"16":99,"17":99,"18":71,"19":8},"f":{"0":37,"1":28,"2":28,"3":15,"4":3,"5":108,"6":99,"7":71},"b":{"0":[25],"1":[25],"2":[33],"3":[37],"4":[34],"5":[104],"6":[105],"7":[105],"8":[105],"9":[105],"10":[25],"11":[25],"12":[25],"13":[25],"14":[25]}}
,"G:\\Github\\layout-edu\\src\\pipeline\\raw\\dom.ts": {"path":"G:\\Github\\layout-edu\\src\\pipeline\\raw\\dom.ts","statementMap":{"0":{"start":{"line":1,"column":0},"end":{"line":1,"column":38}},"1":{"start":{"line":9,"column":8},"end":{"line":9,"column":42}},"2":{"start":{"line":14,"column":8},"end":{"line":14,"column":42}},"3":{"start":{"line":3,"column":0},"end":{"line":16,"column":1}}},"fnMap":{"0":{"name":"(anonymous_0)","decl":{"start":{"line":7,"column":4},"end":{"line":7,"column":22}},"loc":{"start":{"line":7,"column":40},"end":{"line":10,"column":5}}},"1":{"name":"(anonymous_1)","decl":{"start":{"line":12,"column":4},"end":{"line":12,"column":7}},"loc":{"start":{"line":12,"column":16},"end":{"line":15,"column":5}}}},"branchMap":{},"s":{"0":8,"1":7,"2":12,"3":8},"f":{"0":7,"1":12},"b":{}}
,"G:\\Github\\layout-edu\\src\\pipeline\\raw\\style-sheet.ts": {"path":"G:\\Github\\layout-edu\\src\\pipeline\\raw\\style-sheet.ts","statementMap":{"0":{"start":{"line":1,"column":0},"end":{"line":1,"column":73}},"1":{"start":{"line":3,"column":0},"end":{"line":3,"column":65}},"2":{"start":{"line":11,"column":8},"end":{"line":11,"column":44}},"3":{"start":{"line":16,"column":28},"end":{"line":16,"column":30}},"4":{"start":{"line":19,"column":30},"end":{"line":19,"column":116}},"5":{"start":{"line":19,"column":66},"end":{"line":19,"column":115}},"6":{"start":{"line":21,"column":8},"end":{"line":27,"column":10}},"7":{"start":{"line":23,"column":13},"end":{"line":26,"column":14}},"8":{"start":{"line":25,"column":16},"end":{"line":25,"column":70}},"9":{"start":{"line":29,"column":8},"end":{"line":29,"column":27}},"10":{"start":{"line":34,"column":8},"end":{"line":34,"column":105}},"11":{"start":{"line":34,"column":75},"end":{"line":34,"column":102}},"12":{"start":{"line":39,"column":8},"end":{"line":39,"column":126}},"13":{"start":{"line":39,"column":46},"end":{"line":39,"column":100}},"14":{"start":{"line":39,"column":114},"end":{"line":39,"column":124}},"15":{"start":{"line":5,"column":0},"end":{"line":42,"column":1}}},"fnMap":{"0":{"name":"(anonymous_0)","decl":{"start":{"line":9,"column":4},"end":{"line":9,"column":22}},"loc":{"start":{"line":9,"column":39},"end":{"line":12,"column":5}}},"1":{"name":"(anonymous_1)","decl":{"start":{"line":14,"column":11},"end":{"line":14,"column":25}},"loc":{"start":{"line":14,"column":41},"end":{"line":30,"column":5}}},"2":{"name":"(anonymous_2)","decl":{"start":{"line":19,"column":56},"end":{"line":19,"column":57}},"loc":{"start":{"line":19,"column":66},"end":{"line":19,"column":115}}},"3":{"name":"(anonymous_3)","decl":{"start":{"line":21,"column":30},"end":{"line":21,"column":36}},"loc":{"start":{"line":21,"column":40},"end":{"line":27,"column":9}}},"4":{"name":"(anonymous_4)","decl":{"start":{"line":23,"column":70},"end":{"line":23,"column":80}},"loc":{"start":{"line":23,"column":84},"end":{"line":26,"column":13}}},"5":{"name":"(anonymous_5)","decl":{"start":{"line":32,"column":11},"end":{"line":32,"column":22}},"loc":{"start":{"line":32,"column":38},"end":{"line":35,"column":5}}},"6":{"name":"(anonymous_6)","decl":{"start":{"line":34,"column":67},"end":{"line":34,"column":70}},"loc":{"start":{"line":34,"column":75},"end":{"line":34,"column":102}}},"7":{"name":"(anonymous_7)","decl":{"start":{"line":37,"column":12},"end":{"line":37,"column":24}},"loc":{"start":{"line":37,"column":52},"end":{"line":40,"column":5}}},"8":{"name":"(anonymous_8)","decl":{"start":{"line":39,"column":34},"end":{"line":39,"column":41}},"loc":{"start":{"line":39,"column":46},"end":{"line":39,"column":100}}},"9":{"name":"(anonymous_9)","decl":{"start":{"line":39,"column":109},"end":{"line":39,"column":110}},"loc":{"start":{"line":39,"column":114},"end":{"line":39,"column":124}}}},"branchMap":{"0":{"loc":{"start":{"line":39,"column":75},"end":{"line":39,"column":93}},"type":"cond-expr","locations":[{"start":{"line":39,"column":75},"end":{"line":39,"column":93}},{"start":{"line":39,"column":96},"end":{"line":39,"column":100}}]}},"s":{"0":8,"1":8,"2":6,"3":24,"4":24,"5":7,"6":24,"7":25,"8":59,"9":24,"10":26,"11":106,"12":106,"13":130,"14":130,"15":8},"f":{"0":6,"1":24,"2":7,"3":25,"4":59,"5":26,"6":106,"7":106,"8":130,"9":130},"b":{"0":[29,101]}}
,"G:\\Github\\layout-edu\\src\\pipeline\\rendering\\canvas.ts": {"path":"G:\\Github\\layout-edu\\src\\pipeline\\rendering\\canvas.ts","statementMap":{"0":{"start":{"line":3,"column":0},"end":{"line":3,"column":46}},"1":{"start":{"line":4,"column":0},"end":{"line":4,"column":34}},"2":{"start":{"line":22,"column":8},"end":{"line":22,"column":27}},"3":{"start":{"line":23,"column":8},"end":{"line":23,"column":29}},"4":{"start":{"line":24,"column":8},"end":{"line":24,"column":144}},"5":{"start":{"line":24,"column":64},"end":{"line":24,"column":142}},"6":{"start":{"line":24,"column":106},"end":{"line":24,"column":140}},"7":{"start":{"line":29,"column":8},"end":{"line":46,"column":9}},"8":{"start":{"line":31,"column":26},"end":{"line":31,"column":48}},"9":{"start":{"line":32,"column":44},"end":{"line":32,"column":56}},"10":{"start":{"line":34,"column":12},"end":{"line":45,"column":13}},"11":{"start":{"line":36,"column":16},"end":{"line":44,"column":17}},"12":{"start":{"line":38,"column":34},"end":{"line":38,"column":51}},"13":{"start":{"line":40,"column":20},"end":{"line":40,"column":74}},"14":{"start":{"line":41,"column":20},"end":{"line":41,"column":74}},"15":{"start":{"line":42,"column":20},"end":{"line":42,"column":74}},"16":{"start":{"line":43,"column":20},"end":{"line":43,"column":34}},"17":{"start":{"line":51,"column":20},"end":{"line":51,"column":76}},"18":{"start":{"line":53,"column":8},"end":{"line":59,"column":9}},"19":{"start":{"line":55,"column":12},"end":{"line":58,"column":13}},"20":{"start":{"line":57,"column":16},"end":{"line":57,"column":62}},"21":{"start":{"line":61,"column":8},"end":{"line":61,"column":19}},"22":{"start":{"line":14,"column":0},"end":{"line":63,"column":1}}},"fnMap":{"0":{"name":"(anonymous_0)","decl":{"start":{"line":20,"column":4},"end":{"line":20,"column":22}},"loc":{"start":{"line":20,"column":90},"end":{"line":25,"column":5}}},"1":{"name":"(anonymous_1)","decl":{"start":{"line":24,"column":58},"end":{"line":24,"column":60}},"loc":{"start":{"line":24,"column":64},"end":{"line":24,"column":142}}},"2":{"name":"(anonymous_2)","decl":{"start":{"line":24,"column":99},"end":{"line":24,"column":101}},"loc":{"start":{"line":24,"column":106},"end":{"line":24,"column":140}}},"3":{"name":"(anonymous_3)","decl":{"start":{"line":27,"column":11},"end":{"line":27,"column":14}},"loc":{"start":{"line":27,"column":40},"end":{"line":47,"column":5}}},"4":{"name":"(anonymous_4)","decl":{"start":{"line":49,"column":11},"end":{"line":49,"column":15}},"loc":{"start":{"line":49,"column":16},"end":{"line":62,"column":5}}}},"branchMap":{"0":{"loc":{"start":{"line":20,"column":88},"end":{"line":20,"column":90}},"type":"default-arg","locations":[{"start":{"line":20,"column":88},"end":{"line":20,"column":90}}]},"1":{"loc":{"start":{"line":20,"column":33},"end":{"line":20,"column":34}},"type":"default-arg","locations":[{"start":{"line":20,"column":33},"end":{"line":20,"column":34}}]},"2":{"loc":{"start":{"line":20,"column":45},"end":{"line":20,"column":46}},"type":"default-arg","locations":[{"start":{"line":20,"column":45},"end":{"line":20,"column":46}}]},"3":{"loc":{"start":{"line":29,"column":8},"end":{"line":46,"column":9}},"type":"if","locations":[{"start":{"line":29,"column":8},"end":{"line":46,"column":9}},{"start":{"line":29,"column":8},"end":{"line":46,"column":9}}]}},"s":{"0":8,"1":8,"2":5,"3":5,"4":5,"5":824,"6":355125,"7":15,"8":15,"9":15,"10":15,"11":1342,"12":433163,"13":433163,"14":433163,"15":433163,"16":433163,"17":5,"18":5,"19":824,"20":355125,"21":5,"22":8},"f":{"0":5,"1":824,"2":355125,"3":15,"4":5},"b":{"0":[0],"1":[0],"2":[0],"3":[15,0]}}
,"G:\\Github\\layout-edu\\src\\pipeline\\rendering\\display-list.ts": {"path":"G:\\Github\\layout-edu\\src\\pipeline\\rendering\\display-list.ts","statementMap":{"0":{"start":{"line":20,"column":18},"end":{"line":20,"column":54}},"1":{"start":{"line":22,"column":4},"end":{"line":29,"column":5}},"2":{"start":{"line":24,"column":8},"end":{"line":28,"column":11}},"3":{"start":{"line":34,"column":4},"end":{"line":34,"column":33}},"4":{"start":{"line":38,"column":4},"end":{"line":41,"column":5}},"5":{"start":{"line":40,"column":8},"end":{"line":40,"column":38}},"6":{"start":{"line":46,"column":31},"end":{"line":46,"column":47}},"7":{"start":{"line":47,"column":4},"end":{"line":47,"column":33}},"8":{"start":{"line":48,"column":4},"end":{"line":48,"column":16}},"9":{"start":{"line":44,"column":0},"end":{"line":49,"column":1}}},"fnMap":{"0":{"name":"RenderBackground","decl":{"start":{"line":18,"column":9},"end":{"line":18,"column":25}},"loc":{"start":{"line":18,"column":63},"end":{"line":30,"column":1}}},"1":{"name":"RenderLayoutNode","decl":{"start":{"line":32,"column":9},"end":{"line":32,"column":25}},"loc":{"start":{"line":32,"column":63},"end":{"line":42,"column":1}}},"2":{"name":"BuildDisplayList","decl":{"start":{"line":44,"column":16},"end":{"line":44,"column":32}},"loc":{"start":{"line":44,"column":50},"end":{"line":49,"column":1}}}},"branchMap":{"0":{"loc":{"start":{"line":22,"column":4},"end":{"line":29,"column":5}},"type":"if","locations":[{"start":{"line":22,"column":4},"end":{"line":29,"column":5}},{"start":{"line":22,"column":4},"end":{"line":29,"column":5}}]}},"s":{"0":17,"1":17,"2":13,"3":17,"4":17,"5":13,"6":4,"7":4,"8":4,"9":8},"f":{"0":17,"1":17,"2":4},"b":{"0":[13,4]}}
,"G:\\Github\\layout-edu\\src\\pipeline\\rendering\\image.ts": {"path":"G:\\Github\\layout-edu\\src\\pipeline\\rendering\\image.ts","statementMap":{"0":{"start":{"line":2,"column":0},"end":{"line":2,"column":27}},"1":{"start":{"line":3,"column":0},"end":{"line":3,"column":34}},"2":{"start":{"line":13,"column":8},"end":{"line":20,"column":9}},"3":{"start":{"line":15,"column":12},"end":{"line":15,"column":54}},"4":{"start":{"line":19,"column":12},"end":{"line":19,"column":49}},"5":{"start":{"line":25,"column":22},"end":{"line":25,"column":54}},"6":{"start":{"line":27,"column":8},"end":{"line":27,"column":43}},"7":{"start":{"line":28,"column":8},"end":{"line":28,"column":47}},"8":{"start":{"line":29,"column":8},"end":{"line":29,"column":47}},"9":{"start":{"line":30,"column":8},"end":{"line":30,"column":53}},"10":{"start":{"line":35,"column":22},"end":{"line":35,"column":54}},"11":{"start":{"line":37,"column":8},"end":{"line":42,"column":9}},"12":{"start":{"line":47,"column":23},"end":{"line":47,"column":51}},"13":{"start":{"line":48,"column":8},"end":{"line":48,"column":36}},"14":{"start":{"line":53,"column":8},"end":{"line":53,"column":34}},"15":{"start":{"line":58,"column":8},"end":{"line":58,"column":35}},"16":{"start":{"line":7,"column":0},"end":{"line":60,"column":1}}},"fnMap":{"0":{"name":"(anonymous_0)","decl":{"start":{"line":11,"column":4},"end":{"line":11,"column":22}},"loc":{"start":{"line":11,"column":122},"end":{"line":21,"column":5}}},"1":{"name":"(anonymous_1)","decl":{"start":{"line":23,"column":11},"end":{"line":23,"column":15}},"loc":{"start":{"line":23,"column":73},"end":{"line":31,"column":5}}},"2":{"name":"(anonymous_2)","decl":{"start":{"line":33,"column":11},"end":{"line":33,"column":14}},"loc":{"start":{"line":33,"column":50},"end":{"line":43,"column":5}}},"3":{"name":"(anonymous_3)","decl":{"start":{"line":45,"column":11},"end":{"line":45,"column":14}},"loc":{"start":{"line":45,"column":28},"end":{"line":49,"column":5}}},"4":{"name":"(anonymous_4)","decl":{"start":{"line":51,"column":4},"end":{"line":51,"column":7}},"loc":{"start":{"line":51,"column":13},"end":{"line":54,"column":5}}},"5":{"name":"(anonymous_5)","decl":{"start":{"line":56,"column":4},"end":{"line":56,"column":7}},"loc":{"start":{"line":56,"column":14},"end":{"line":59,"column":5}}}},"branchMap":{"0":{"loc":{"start":{"line":11,"column":120},"end":{"line":11,"column":122}},"type":"default-arg","locations":[{"start":{"line":11,"column":120},"end":{"line":11,"column":122}}]},"1":{"loc":{"start":{"line":11,"column":33},"end":{"line":11,"column":34}},"type":"default-arg","locations":[{"start":{"line":11,"column":33},"end":{"line":11,"column":34}}]},"2":{"loc":{"start":{"line":11,"column":45},"end":{"line":11,"column":46}},"type":"default-arg","locations":[{"start":{"line":11,"column":45},"end":{"line":11,"column":46}}]},"3":{"loc":{"start":{"line":11,"column":57},"end":{"line":11,"column":61}},"type":"default-arg","locations":[{"start":{"line":11,"column":57},"end":{"line":11,"column":61}}]},"4":{"loc":{"start":{"line":13,"column":8},"end":{"line":20,"column":9}},"type":"if","locations":[{"start":{"line":13,"column":8},"end":{"line":20,"column":9}},{"start":{"line":13,"column":8},"end":{"line":20,"column":9}}]}},"s":{"0":8,"1":8,"2":9,"3":6,"4":3,"5":355127,"6":355127,"7":355127,"8":355127,"9":355127,"10":9281,"11":9281,"12":6,"13":6,"14":9431,"15":153,"16":8},"f":{"0":9,"1":355127,"2":9281,"3":6,"4":9431,"5":153},"b":{"0":[0],"1":[3],"2":[3],"3":[6],"4":[6,3]}}
,"G:\\Github\\layout-edu\\src\\pipeline\\rendering\\renderer.ts": {"path":"G:\\Github\\layout-edu\\src\\pipeline\\rendering\\renderer.ts","statementMap":{"0":{"start":{"line":2,"column":0},"end":{"line":2,"column":32}},"1":{"start":{"line":3,"column":0},"end":{"line":3,"column":47}},"2":{"start":{"line":4,"column":0},"end":{"line":4,"column":52}},"3":{"start":{"line":5,"column":0},"end":{"line":5,"column":55}},"4":{"start":{"line":6,"column":0},"end":{"line":6,"column":59}},"5":{"start":{"line":7,"column":0},"end":{"line":7,"column":66}},"6":{"start":{"line":8,"column":0},"end":{"line":8,"column":33}},"7":{"start":{"line":12,"column":16},"end":{"line":12,"column":34}},"8":{"start":{"line":13,"column":24},"end":{"line":13,"column":48}},"9":{"start":{"line":14,"column":23},"end":{"line":14,"column":54}},"10":{"start":{"line":15,"column":24},"end":{"line":15,"column":50}},"11":{"start":{"line":17,"column":41},"end":{"line":17,"column":117}},"12":{"start":{"line":18,"column":4},"end":{"line":18,"column":41}},"13":{"start":{"line":20,"column":17},"end":{"line":20,"column":51}},"14":{"start":{"line":21,"column":19},"end":{"line":21,"column":133}},"15":{"start":{"line":23,"column":4},"end":{"line":26,"column":5}},"16":{"start":{"line":25,"column":8},"end":{"line":25,"column":48}},"17":{"start":{"line":27,"column":16},"end":{"line":27,"column":30}},"18":{"start":{"line":28,"column":4},"end":{"line":28,"column":15}},"19":{"start":{"line":10,"column":0},"end":{"line":29,"column":1}}},"fnMap":{"0":{"name":"Render","decl":{"start":{"line":10,"column":16},"end":{"line":10,"column":22}},"loc":{"start":{"line":10,"column":143},"end":{"line":29,"column":1}}}},"branchMap":{},"s":{"0":1,"1":1,"2":1,"3":1,"4":1,"5":1,"6":1,"7":3,"8":3,"9":3,"10":3,"11":3,"12":3,"13":3,"14":3,"15":3,"16":11,"17":3,"18":3,"19":1},"f":{"0":3},"b":{}}
,"G:\\Github\\layout-edu\\src\\pipeline\\style-tree\\style-tree.ts": {"path":"G:\\Github\\layout-edu\\src\\pipeline\\style-tree\\style-tree.ts","statementMap":{"0":{"start":{"line":29,"column":8},"end":{"line":29,"column":25}},"1":{"start":{"line":30,"column":8},"end":{"line":30,"column":27}},"2":{"start":{"line":31,"column":8},"end":{"line":31,"column":33}},"3":{"start":{"line":36,"column":8},"end":{"line":50,"column":9}},"4":{"start":{"line":38,"column":12},"end":{"line":49,"column":13}},"5":{"start":{"line":40,"column":30},"end":{"line":40,"column":50}},"6":{"start":{"line":41,"column":16},"end":{"line":44,"column":17}},"7":{"start":{"line":43,"column":20},"end":{"line":43,"column":33}},"8":{"start":{"line":48,"column":16},"end":{"line":48,"column":47}},"9":{"start":{"line":55,"column":8},"end":{"line":55,"column":38}},"10":{"start":{"line":60,"column":8},"end":{"line":60,"column":48}},"11":{"start":{"line":21,"column":0},"end":{"line":62,"column":1}},"12":{"start":{"line":70,"column":8},"end":{"line":70,"column":69}},"13":{"start":{"line":75,"column":8},"end":{"line":75,"column":27}},"14":{"start":{"line":80,"column":8},"end":{"line":80,"column":23}},"15":{"start":{"line":81,"column":8},"end":{"line":84,"column":11}},"16":{"start":{"line":83,"column":12},"end":{"line":83,"column":43}},"17":{"start":{"line":89,"column":33},"end":{"line":89,"column":112}},"18":{"start":{"line":90,"column":8},"end":{"line":93,"column":9}},"19":{"start":{"line":92,"column":12},"end":{"line":92,"column":82}},"20":{"start":{"line":94,"column":8},"end":{"line":94,"column":20}},"21":{"start":{"line":99,"column":8},"end":{"line":99,"column":134}},"22":{"start":{"line":99,"column":112},"end":{"line":99,"column":130}},"23":{"start":{"line":64,"column":0},"end":{"line":101,"column":1}}},"fnMap":{"0":{"name":"(anonymous_0)","decl":{"start":{"line":27,"column":4},"end":{"line":27,"column":22}},"loc":{"start":{"line":27,"column":145},"end":{"line":32,"column":5}}},"1":{"name":"(anonymous_1)","decl":{"start":{"line":34,"column":11},"end":{"line":34,"column":16}},"loc":{"start":{"line":34,"column":41},"end":{"line":51,"column":5}}},"2":{"name":"(anonymous_2)","decl":{"start":{"line":53,"column":11},"end":{"line":53,"column":15}},"loc":{"start":{"line":53,"column":29},"end":{"line":56,"column":5}}},"3":{"name":"(anonymous_3)","decl":{"start":{"line":58,"column":11},"end":{"line":58,"column":17}},"loc":{"start":{"line":58,"column":18},"end":{"line":61,"column":5}}},"4":{"name":"(anonymous_4)","decl":{"start":{"line":68,"column":4},"end":{"line":68,"column":22}},"loc":{"start":{"line":68,"column":56},"end":{"line":71,"column":5}}},"5":{"name":"(anonymous_5)","decl":{"start":{"line":73,"column":4},"end":{"line":73,"column":7}},"loc":{"start":{"line":73,"column":12},"end":{"line":76,"column":5}}},"6":{"name":"(anonymous_6)","decl":{"start":{"line":78,"column":11},"end":{"line":78,"column":18}},"loc":{"start":{"line":78,"column":90},"end":{"line":85,"column":5}}},"7":{"name":"(anonymous_7)","decl":{"start":{"line":81,"column":30},"end":{"line":81,"column":34}},"loc":{"start":{"line":81,"column":38},"end":{"line":84,"column":9}}},"8":{"name":"(anonymous_8)","decl":{"start":{"line":87,"column":12},"end":{"line":87,"column":20}},"loc":{"start":{"line":87,"column":61},"end":{"line":95,"column":5}}},"9":{"name":"(anonymous_9)","decl":{"start":{"line":97,"column":11},"end":{"line":97,"column":16}},"loc":{"start":{"line":97,"column":36},"end":{"line":100,"column":5}}},"10":{"name":"(anonymous_10)","decl":{"start":{"line":99,"column":103},"end":{"line":99,"column":107}},"loc":{"start":{"line":99,"column":112},"end":{"line":99,"column":130}}}},"branchMap":{"0":{"loc":{"start":{"line":27,"column":143},"end":{"line":27,"column":145}},"type":"default-arg","locations":[{"start":{"line":27,"column":143},"end":{"line":27,"column":145}}]},"1":{"loc":{"start":{"line":27,"column":32},"end":{"line":27,"column":36}},"type":"default-arg","locations":[{"start":{"line":27,"column":32},"end":{"line":27,"column":36}}]},"2":{"loc":{"start":{"line":27,"column":46},"end":{"line":27,"column":48}},"type":"default-arg","locations":[{"start":{"line":27,"column":46},"end":{"line":27,"column":48}}]},"3":{"loc":{"start":{"line":27,"column":61},"end":{"line":27,"column":63}},"type":"default-arg","locations":[{"start":{"line":27,"column":61},"end":{"line":27,"column":63}}]},"4":{"loc":{"start":{"line":38,"column":12},"end":{"line":49,"column":13}},"type":"if","locations":[{"start":{"line":38,"column":12},"end":{"line":49,"column":13}},{"start":{"line":38,"column":12},"end":{"line":49,"column":13}}]},"5":{"loc":{"start":{"line":41,"column":16},"end":{"line":44,"column":17}},"type":"if","locations":[{"start":{"line":41,"column":16},"end":{"line":44,"column":17}},{"start":{"line":41,"column":16},"end":{"line":44,"column":17}}]},"6":{"loc":{"start":{"line":55,"column":15},"end":{"line":55,"column":31}},"type":"binary-expr","locations":[{"start":{"line":55,"column":15},"end":{"line":55,"column":31}},{"start":{"line":55,"column":35},"end":{"line":55,"column":37}}]},"7":{"loc":{"start":{"line":60,"column":15},"end":{"line":60,"column":36}},"type":"binary-expr","locations":[{"start":{"line":60,"column":15},"end":{"line":60,"column":36}},{"start":{"line":60,"column":40},"end":{"line":60,"column":47}}]},"8":{"loc":{"start":{"line":78,"column":79},"end":{"line":78,"column":90}},"type":"default-arg","locations":[{"start":{"line":78,"column":79},"end":{"line":78,"column":90}}]},"9":{"loc":{"start":{"line":97,"column":25},"end":{"line":97,"column":36}},"type":"default-arg","locations":[{"start":{"line":97,"column":25},"end":{"line":97,"column":36}}]}},"s":{"0":31,"1":31,"2":31,"3":168,"4":430,"5":323,"6":323,"7":61,"8":107,"9":381,"10":0,"11":8,"12":6,"13":8,"14":3,"15":3,"16":2,"17":23,"18":23,"19":17,"20":23,"21":3,"22":2,"23":8},"f":{"0":31,"1":168,"2":381,"3":0,"4":6,"5":8,"6":3,"7":2,"8":23,"9":3,"10":2},"b":{"0":[2],"1":[8],"2":[2],"3":[8],"4":[323,107],"5":[61,262],"6":[381,295],"7":[0,0],"8":[1],"9":[1]}}
,"G:\\Github\\layout-edu\\src\\png2html\\png-to-html.ts": {"path":"G:\\Github\\layout-edu\\src\\png2html\\png-to-html.ts","statementMap":{"0":{"start":{"line":12,"column":4},"end":{"line":12,"column":32}},"1":{"start":{"line":17,"column":4},"end":{"line":17,"column":55}},"2":{"start":{"line":22,"column":4},"end":{"line":22,"column":73}},"3":{"start":{"line":27,"column":4},"end":{"line":27,"column":102}},"4":{"start":{"line":32,"column":4},"end":{"line":32,"column":75}},"5":{"start":{"line":37,"column":4},"end":{"line":37,"column":117}},"6":{"start":{"line":42,"column":4},"end":{"line":42,"column":32}},"7":{"start":{"line":53,"column":17},"end":{"line":53,"column":19}},"8":{"start":{"line":54,"column":16},"end":{"line":54,"column":18}},"9":{"start":{"line":56,"column":4},"end":{"line":66,"column":5}},"10":{"start":{"line":58,"column":8},"end":{"line":65,"column":9}},"11":{"start":{"line":60,"column":24},"end":{"line":60,"column":32}},"12":{"start":{"line":61,"column":26},"end":{"line":61,"column":39}},"13":{"start":{"line":63,"column":12},"end":{"line":63,"column":35}},"14":{"start":{"line":64,"column":12},"end":{"line":64,"column":40}},"15":{"start":{"line":69,"column":4},"end":{"line":69,"column":77}},"16":{"start":{"line":51,"column":0},"end":{"line":70,"column":1}}},"fnMap":{"0":{"name":"PosToClassName","decl":{"start":{"line":10,"column":9},"end":{"line":10,"column":23}},"loc":{"start":{"line":10,"column":33},"end":{"line":13,"column":1}}},"1":{"name":"ToHtml","decl":{"start":{"line":15,"column":9},"end":{"line":15,"column":15}},"loc":{"start":{"line":15,"column":25},"end":{"line":18,"column":1}}},"2":{"name":"PosToCss","decl":{"start":{"line":20,"column":9},"end":{"line":20,"column":17}},"loc":{"start":{"line":20,"column":27},"end":{"line":23,"column":1}}},"3":{"name":"ColorToCss","decl":{"start":{"line":25,"column":9},"end":{"line":25,"column":19}},"loc":{"start":{"line":25,"column":33},"end":{"line":28,"column":1}}},"4":{"name":"ToCss","decl":{"start":{"line":30,"column":9},"end":{"line":30,"column":14}},"loc":{"start":{"line":30,"column":39},"end":{"line":33,"column":1}}},"5":{"name":"HtmlWrapper","decl":{"start":{"line":35,"column":9},"end":{"line":35,"column":20}},"loc":{"start":{"line":35,"column":33},"end":{"line":38,"column":1}}},"6":{"name":"PosToMarginTop","decl":{"start":{"line":40,"column":9},"end":{"line":40,"column":23}},"loc":{"start":{"line":40,"column":33},"end":{"line":43,"column":1}}},"7":{"name":"PngToHtml","decl":{"start":{"line":51,"column":16},"end":{"line":51,"column":25}},"loc":{"start":{"line":51,"column":39},"end":{"line":70,"column":1}}}},"branchMap":{"0":{"loc":{"start":{"line":42,"column":25},"end":{"line":42,"column":26}},"type":"cond-expr","locations":[{"start":{"line":42,"column":25},"end":{"line":42,"column":26}},{"start":{"line":42,"column":29},"end":{"line":42,"column":31}}]}},"s":{"0":18562,"1":9281,"2":9281,"3":9281,"4":9281,"5":3,"6":9281,"7":3,"8":3,"9":3,"10":150,"11":9281,"12":9281,"13":9281,"14":9281,"15":3,"16":7},"f":{"0":18562,"1":9281,"2":9281,"3":9281,"4":9281,"5":3,"6":9281,"7":3},"b":{"0":[150,9131]}}
,"G:\\Github\\layout-edu\\test\\common\\utility.ts": {"path":"G:\\Github\\layout-edu\\test\\common\\utility.ts","statementMap":{"0":{"start":{"line":1,"column":0},"end":{"line":1,"column":37}},"1":{"start":{"line":2,"column":0},"end":{"line":2,"column":44}},"2":{"start":{"line":6,"column":16},"end":{"line":6,"column":25}},"3":{"start":{"line":7,"column":4},"end":{"line":7,"column":33}},"4":{"start":{"line":8,"column":4},"end":{"line":8,"column":26}},"5":{"start":{"line":4,"column":0},"end":{"line":9,"column":1}},"6":{"start":{"line":13,"column":4},"end":{"line":13,"column":47}},"7":{"start":{"line":11,"column":0},"end":{"line":14,"column":1}}},"fnMap":{"0":{"name":"StringifyRules","decl":{"start":{"line":4,"column":16},"end":{"line":4,"column":30}},"loc":{"start":{"line":4,"column":49},"end":{"line":9,"column":1}}},"1":{"name":"NormalizeCss","decl":{"start":{"line":11,"column":16},"end":{"line":11,"column":28}},"loc":{"start":{"line":11,"column":40},"end":{"line":14,"column":1}}}},"branchMap":{},"s":{"0":1,"1":1,"2":2,"3":2,"4":2,"5":1,"6":4,"7":1},"f":{"0":2,"1":4},"b":{}}
}
