TN:
SF:G:\Github\layout-edu\src\index.ts
FNF:0
FNH:0
DA:2,7
DA:3,7
DA:4,7
DA:5,7
DA:6,7
DA:7,7
DA:8,7
DA:9,7
DA:10,7
DA:11,7
LF:10
LH:10
BRF:0
BRH:0
end_of_record
TN:
SF:G:\Github\layout-edu\src\common\utility.ts
FN:5,Clamp
FN:12,ToColor
FN:19,MatchSelector
FN:23,(anonymous_3)
FN:28,(anonymous_4)
FN:33,(anonymous_5)
FN:41,Specificity
FN:46,(anonymous_7)
FN:69,Selector
FNF:9
FNH:8
FNDA:0,Clamp
FNDA:15,ToColor
FNDA:133,MatchSelector
FNDA:133,(anonymous_3)
FNDA:101,(anonymous_4)
FNDA:92,(anonymous_5)
FNDA:16,Specificity
FNDA:17,(anonymous_7)
FNDA:149,Selector
DA:2,8
DA:3,8
DA:5,8
DA:7,0
DA:8,0
DA:9,0
DA:12,8
DA:14,15
DA:16,15
DA:19,8
DA:21,133
DA:23,133
DA:25,32
DA:28,101
DA:30,9
DA:33,92
DA:35,62
DA:38,30
DA:41,8
DA:43,16
DA:45,16
DA:46,16
DA:48,17
DA:51,4
DA:52,4
DA:55,8
DA:56,8
DA:59,5
DA:60,5
DA:63,0
DA:66,16
DA:71,149
LF:32
LH:28
BRDA:7,0,0,0
BRDA:7,0,1,0
BRDA:8,1,0,0
BRDA:8,1,1,0
BRDA:16,2,0,15
BRDA:16,2,1,11
BRDA:23,3,0,32
BRDA:23,3,1,101
BRDA:23,4,0,133
BRDA:23,4,1,38
BRDA:28,5,0,9
BRDA:28,5,1,92
BRDA:28,6,0,101
BRDA:28,6,1,13
BRDA:33,7,0,62
BRDA:33,7,1,30
BRDA:33,8,0,92
BRDA:33,8,1,82
BRDA:50,9,0,4
BRDA:50,9,1,8
BRDA:50,9,2,5
BRDA:50,9,3,0
BRF:22
BRH:17
end_of_record
TN:
SF:G:\Github\layout-edu\src\pipeline\layout-tree\layout-tree.ts
FN:29,(anonymous_0)
FN:37,(anonymous_1)
FN:45,(anonymous_2)
FN:53,(anonymous_3)
FN:62,(anonymous_4)
FN:72,(anonymous_5)
FN:106,(anonymous_6)
FN:131,(anonymous_7)
FN:137,(anonymous_8)
FN:139,(anonymous_9)
FN:140,(anonymous_10)
FN:147,(anonymous_11)
FN:149,(anonymous_12)
FN:152,(anonymous_13)
FN:157,(anonymous_14)
FNF:15
FNH:15
FNDA:25,(anonymous_0)
FNDA:20,(anonymous_1)
FNDA:20,(anonymous_2)
FNDA:20,(anonymous_3)
FNDA:20,(anonymous_4)
FNDA:21,(anonymous_5)
FNDA:21,(anonymous_6)
FNDA:4,(anonymous_7)
FNDA:17,(anonymous_8)
FNDA:13,(anonymous_9)
FNDA:13,(anonymous_10)
FNDA:3,(anonymous_11)
FNDA:2,(anonymous_12)
FNDA:3,(anonymous_13)
FNDA:12,(anonymous_14)
DA:1,8
DA:2,8
DA:22,8
DA:31,25
DA:32,25
DA:33,25
DA:34,25
DA:39,20
DA:41,20
DA:47,20
DA:48,20
DA:49,20
DA:50,20
DA:55,20
DA:56,20
DA:58,8
DA:64,20
DA:65,20
DA:67,15
DA:68,15
DA:74,21
DA:75,21
DA:78,21
DA:79,21
DA:84,21
DA:85,21
DA:88,21
DA:89,21
DA:90,21
DA:92,4
DA:96,17
DA:100,17
DA:103,21
DA:108,21
DA:109,21
DA:112,21
DA:113,21
DA:118,21
DA:119,21
DA:122,21
DA:123,21
DA:127,8
DA:133,4
DA:134,4
DA:139,17
DA:140,17
DA:142,13
DA:144,17
DA:149,3
DA:154,3
DA:159,12
LF:51
LH:51
BRDA:29,0,0,2
BRDA:29,1,0,25
BRDA:29,2,0,25
BRDA:29,3,0,25
BRDA:29,4,0,2
BRDA:39,5,0,20
BRDA:39,5,1,0
BRDA:56,6,0,8
BRDA:56,6,1,12
BRDA:90,7,0,4
BRDA:90,7,1,17
BRDA:147,8,0,1
BRF:12
BRH:11
end_of_record
TN:
SF:G:\Github\layout-edu\src\pipeline\layout-tree\type.ts
FN:27,(anonymous_0)
FN:35,(anonymous_1)
FN:40,(anonymous_2)
FN:45,(anonymous_3)
FN:50,(anonymous_4)
FN:74,(anonymous_5)
FN:100,(anonymous_6)
FN:108,(anonymous_7)
FNF:8
FNH:8
FNDA:37,(anonymous_0)
FNDA:28,(anonymous_1)
FNDA:28,(anonymous_2)
FNDA:15,(anonymous_3)
FNDA:3,(anonymous_4)
FNDA:108,(anonymous_5)
FNDA:99,(anonymous_6)
FNDA:71,(anonymous_7)
DA:20,8
DA:29,37
DA:30,37
DA:31,37
DA:32,37
DA:37,28
DA:42,28
DA:47,15
DA:52,3
DA:67,8
DA:76,108
DA:77,108
DA:78,108
DA:79,108
DA:93,8
DA:102,99
DA:103,99
DA:104,99
DA:105,99
DA:110,71
LF:20
LH:20
BRDA:27,0,0,25
BRDA:27,1,0,25
BRDA:27,2,0,33
BRDA:27,3,0,37
BRDA:27,4,0,34
BRDA:74,5,0,104
BRDA:74,6,0,105
BRDA:74,7,0,105
BRDA:74,8,0,105
BRDA:74,9,0,105
BRDA:100,10,0,25
BRDA:100,11,0,25
BRDA:100,12,0,25
BRDA:100,13,0,25
BRDA:100,14,0,25
BRF:15
BRH:15
end_of_record
TN:
SF:G:\Github\layout-edu\src\pipeline\raw\dom.ts
FN:7,(anonymous_0)
FN:12,(anonymous_1)
FNF:2
FNH:2
FNDA:7,(anonymous_0)
FNDA:12,(anonymous_1)
DA:1,8
DA:3,8
DA:9,7
DA:14,12
LF:4
LH:4
BRF:0
BRH:0
end_of_record
TN:
SF:G:\Github\layout-edu\src\pipeline\raw\style-sheet.ts
FN:9,(anonymous_0)
FN:14,(anonymous_1)
FN:19,(anonymous_2)
FN:21,(anonymous_3)
FN:23,(anonymous_4)
FN:32,(anonymous_5)
FN:34,(anonymous_6)
FN:37,(anonymous_7)
FN:39,(anonymous_8)
FN:39,(anonymous_9)
FNF:10
FNH:10
FNDA:6,(anonymous_0)
FNDA:24,(anonymous_1)
FNDA:7,(anonymous_2)
FNDA:25,(anonymous_3)
FNDA:59,(anonymous_4)
FNDA:26,(anonymous_5)
FNDA:106,(anonymous_6)
FNDA:106,(anonymous_7)
FNDA:130,(anonymous_8)
FNDA:130,(anonymous_9)
DA:1,8
DA:3,8
DA:5,8
DA:11,6
DA:16,24
DA:19,24
DA:21,24
DA:23,25
DA:25,59
DA:29,24
DA:34,106
DA:39,130
LF:12
LH:12
BRDA:39,0,0,29
BRDA:39,0,1,101
BRF:2
BRH:2
end_of_record
TN:
SF:G:\Github\layout-edu\src\pipeline\rendering\canvas.ts
FN:20,(anonymous_0)
FN:24,(anonymous_1)
FN:24,(anonymous_2)
FN:27,(anonymous_3)
FN:49,(anonymous_4)
FNF:5
FNH:5
FNDA:5,(anonymous_0)
FNDA:824,(anonymous_1)
FNDA:355125,(anonymous_2)
FNDA:15,(anonymous_3)
FNDA:5,(anonymous_4)
DA:3,8
DA:4,8
DA:14,8
DA:22,5
DA:23,5
DA:24,355125
DA:29,15
DA:31,15
DA:32,15
DA:34,15
DA:36,1342
DA:38,433163
DA:40,433163
DA:41,433163
DA:42,433163
DA:43,433163
DA:51,5
DA:53,5
DA:55,824
DA:57,355125
DA:61,5
LF:21
LH:21
BRDA:20,0,0,0
BRDA:20,1,0,0
BRDA:20,2,0,0
BRDA:29,3,0,15
BRDA:29,3,1,0
BRF:5
BRH:1
end_of_record
TN:
SF:G:\Github\layout-edu\src\pipeline\rendering\display-list.ts
FN:18,RenderBackground
FN:32,RenderLayoutNode
FN:44,BuildDisplayList
FNF:3
FNH:3
FNDA:17,RenderBackground
FNDA:17,RenderLayoutNode
FNDA:4,BuildDisplayList
DA:20,17
DA:22,17
DA:24,13
DA:34,17
DA:38,17
DA:40,13
DA:44,8
DA:46,4
DA:47,4
DA:48,4
LF:10
LH:10
BRDA:22,0,0,13
BRDA:22,0,1,4
BRF:2
BRH:2
end_of_record
TN:
SF:G:\Github\layout-edu\src\pipeline\rendering\image.ts
FN:11,(anonymous_0)
FN:23,(anonymous_1)
FN:33,(anonymous_2)
FN:45,(anonymous_3)
FN:51,(anonymous_4)
FN:56,(anonymous_5)
FNF:6
FNH:6
FNDA:9,(anonymous_0)
FNDA:355127,(anonymous_1)
FNDA:9281,(anonymous_2)
FNDA:6,(anonymous_3)
FNDA:9431,(anonymous_4)
FNDA:153,(anonymous_5)
DA:2,8
DA:3,8
DA:7,8
DA:13,9
DA:15,6
DA:19,3
DA:25,355127
DA:27,355127
DA:28,355127
DA:29,355127
DA:30,355127
DA:35,9281
DA:37,9281
DA:47,6
DA:48,6
DA:53,9431
DA:58,153
LF:17
LH:17
BRDA:11,0,0,0
BRDA:11,1,0,3
BRDA:11,2,0,3
BRDA:11,3,0,6
BRDA:13,4,0,6
BRDA:13,4,1,3
BRF:6
BRH:5
end_of_record
TN:
SF:G:\Github\layout-edu\src\pipeline\rendering\renderer.ts
FN:10,Render
FNF:1
FNH:1
FNDA:3,Render
DA:2,1
DA:3,1
DA:4,1
DA:5,1
DA:6,1
DA:7,1
DA:8,1
DA:10,1
DA:12,3
DA:13,3
DA:14,3
DA:15,3
DA:17,3
DA:18,3
DA:20,3
DA:21,3
DA:23,3
DA:25,11
DA:27,3
DA:28,3
LF:20
LH:20
BRF:0
BRH:0
end_of_record
TN:
SF:G:\Github\layout-edu\src\pipeline\style-tree\style-tree.ts
FN:27,(anonymous_0)
FN:34,(anonymous_1)
FN:53,(anonymous_2)
FN:58,(anonymous_3)
FN:68,(anonymous_4)
FN:73,(anonymous_5)
FN:78,(anonymous_6)
FN:81,(anonymous_7)
FN:87,(anonymous_8)
FN:97,(anonymous_9)
FN:99,(anonymous_10)
FNF:11
FNH:10
FNDA:31,(anonymous_0)
FNDA:168,(anonymous_1)
FNDA:381,(anonymous_2)
FNDA:0,(anonymous_3)
FNDA:6,(anonymous_4)
FNDA:8,(anonymous_5)
FNDA:3,(anonymous_6)
FNDA:2,(anonymous_7)
FNDA:23,(anonymous_8)
FNDA:3,(anonymous_9)
FNDA:2,(anonymous_10)
DA:21,8
DA:29,31
DA:30,31
DA:31,31
DA:36,168
DA:38,430
DA:40,323
DA:41,323
DA:43,61
DA:48,107
DA:55,381
DA:60,0
DA:64,8
DA:70,6
DA:75,8
DA:80,3
DA:81,3
DA:83,2
DA:89,23
DA:90,23
DA:92,17
DA:94,23
DA:99,3
LF:23
LH:22
BRDA:27,0,0,2
BRDA:27,1,0,8
BRDA:27,2,0,2
BRDA:27,3,0,8
BRDA:38,4,0,323
BRDA:38,4,1,107
BRDA:41,5,0,61
BRDA:41,5,1,262
BRDA:55,6,0,381
BRDA:55,6,1,295
BRDA:60,7,0,0
BRDA:60,7,1,0
BRDA:78,8,0,1
BRDA:97,9,0,1
BRF:14
BRH:12
end_of_record
TN:
SF:G:\Github\layout-edu\src\png2html\png-to-html.ts
FN:10,PosToClassName
FN:15,ToHtml
FN:20,PosToCss
FN:25,ColorToCss
FN:30,ToCss
FN:35,HtmlWrapper
FN:40,PosToMarginTop
FN:51,PngToHtml
FNF:8
FNH:8
FNDA:18562,PosToClassName
FNDA:9281,ToHtml
FNDA:9281,PosToCss
FNDA:9281,ColorToCss
FNDA:9281,ToCss
FNDA:3,HtmlWrapper
FNDA:9281,PosToMarginTop
FNDA:3,PngToHtml
DA:12,18562
DA:17,9281
DA:22,9281
DA:27,9281
DA:32,9281
DA:37,3
DA:42,9281
DA:51,7
DA:53,3
DA:54,3
DA:56,3
DA:58,150
DA:60,9281
DA:61,9281
DA:63,9281
DA:64,9281
DA:69,3
LF:17
LH:17
BRDA:42,0,0,150
BRDA:42,0,1,9131
BRF:2
BRH:2
end_of_record
TN:
SF:G:\Github\layout-edu\test\common\utility.ts
FN:4,StringifyRules
FN:11,NormalizeCss
FNF:2
FNH:2
FNDA:2,StringifyRules
FNDA:4,NormalizeCss
DA:1,1
DA:2,1
DA:4,1
DA:6,2
DA:7,2
DA:8,2
DA:11,1
DA:13,4
LF:8
LH:8
BRF:0
BRH:0
end_of_record
